21/May/2015 19:32:12,703- HashUrlMapFile: 15a80eee   http://news.cnblogs.com/
21/May/2015 19:32:12,704- HashUrlMapFile: 675ce5dc   http://news.cnblogs.com/
21/May/2015 19:32:12,706- HashUrlMapFile: 830db271   http://news.cnblogs.com/
21/May/2015 19:32:12,707- HashUrlMapFile: 27e14653   http://news.cnblogs.com/
21/May/2015 19:32:12,708- HashUrlMapFile: 49ec9b24   http://news.cnblogs.com/
21/May/2015 19:32:12,709- HashUrlMapFile: 12dc5cc2   http://news.cnblogs.com/
21/May/2015 19:32:12,709- HashUrlMapFile: 43df94a3   http://news.cnblogs.com/
21/May/2015 19:32:12,710- HashUrlMapFile: 097dbf73   http://news.cnblogs.com/
21/May/2015 19:32:12,711- HashUrlMapFile: 48f0646a   http://news.cnblogs.com/
21/May/2015 19:32:12,712- HashUrlMapFile: 734b41e7   http://news.cnblogs.com/
21/May/2015 19:32:12,714- HashUrlMapFile: 82b34c06   http://news.cnblogs.com/
21/May/2015 19:32:12,734- HashUrlMapFile: bcfbc9d6   http://news.cnblogs.com/
21/May/2015 19:32:12,735- HashUrlMapFile: ff1a851a   http://news.cnblogs.com/
21/May/2015 19:32:12,736- HashUrlMapFile: 548cde86   http://news.cnblogs.com/
21/May/2015 19:32:12,737- HashUrlMapFile: 0de2abe9   http://news.cnblogs.com/
21/May/2015 19:32:12,738- HashUrlMapFile: 6ff221af   http://news.cnblogs.com/
21/May/2015 19:32:12,739- HashUrlMapFile: a647cae9   http://news.cnblogs.com/
21/May/2015 19:32:12,740- HashUrlMapFile: 0944b211   http://news.cnblogs.com/
21/May/2015 19:32:23,480- HashUrlMapFile: 0073a321   http://space.cnblogs.com/forum/public
21/May/2015 19:32:23,481- HashUrlMapFile: b1b719b7   http://space.cnblogs.com/forum/public
21/May/2015 19:32:23,482- HashUrlMapFile: 80d58e69   http://space.cnblogs.com/forum/public
21/May/2015 19:32:23,484- HashUrlMapFile: f3e4abed   http://space.cnblogs.com/forum/public
21/May/2015 19:32:23,485- HashUrlMapFile: a8f10c10   http://space.cnblogs.com/forum/public
21/May/2015 19:32:23,485- HashUrlMapFile: d650fd5d   http://space.cnblogs.com/forum/public
21/May/2015 19:32:23,486- HashUrlMapFile: e065201d   http://space.cnblogs.com/forum/public
21/May/2015 19:32:23,486- HashUrlMapFile: d91a41d5   http://space.cnblogs.com/forum/public
21/May/2015 19:32:23,487- HashUrlMapFile: ce5a2560   http://space.cnblogs.com/forum/public
21/May/2015 19:32:23,488- HashUrlMapFile: c4e5bf41   http://space.cnblogs.com/forum/public
21/May/2015 19:32:23,489- HashUrlMapFile: 6cbe4c71   http://space.cnblogs.com/forum/public
21/May/2015 19:32:23,490- HashUrlMapFile: db4699dc   http://space.cnblogs.com/forum/public
21/May/2015 19:32:23,492- HashUrlMapFile: 2335170e   http://space.cnblogs.com/forum/public
21/May/2015 19:32:23,493- HashUrlMapFile: ac3cb050   http://space.cnblogs.com/forum/public
21/May/2015 19:32:23,494- HashUrlMapFile: a1c0a93e   http://space.cnblogs.com/forum/public
21/May/2015 19:32:23,494- HashUrlMapFile: 721e180c   http://space.cnblogs.com/forum/public
21/May/2015 19:32:23,495- HashUrlMapFile: 30ce9892   http://space.cnblogs.com/forum/public
21/May/2015 19:32:23,496- HashUrlMapFile: 9aef5561   http://space.cnblogs.com/forum/public
21/May/2015 19:32:23,497- HashUrlMapFile: 77625e0d   http://space.cnblogs.com/forum/public
21/May/2015 19:32:23,498- HashUrlMapFile: 34a78d8e   http://space.cnblogs.com/forum/public
21/May/2015 19:32:23,499- HashUrlMapFile: ebb718df   http://space.cnblogs.com/forum/public
21/May/2015 19:32:23,500- HashUrlMapFile: 1e85968c   http://space.cnblogs.com/forum/public
21/May/2015 19:32:23,501- HashUrlMapFile: 4ed740cf   http://space.cnblogs.com/forum/public
21/May/2015 19:32:23,501- HashUrlMapFile: 8af386a7   http://space.cnblogs.com/forum/public
21/May/2015 19:32:23,502- HashUrlMapFile: 434e9035   http://space.cnblogs.com/forum/public
21/May/2015 19:32:23,504- HashUrlMapFile: 5ca68a6f   http://space.cnblogs.com/forum/public
21/May/2015 19:32:23,506- HashUrlMapFile: fbb72d5b   http://space.cnblogs.com/forum/public
21/May/2015 19:32:23,507- HashUrlMapFile: 580d635b   http://space.cnblogs.com/forum/public
21/May/2015 19:32:23,509- HashUrlMapFile: 94481a12   http://space.cnblogs.com/forum/public
21/May/2015 19:32:23,510- HashUrlMapFile: 88d101d1   http://space.cnblogs.com/forum/public
21/May/2015 19:32:23,511- HashUrlMapFile: f6c6a58e   http://space.cnblogs.com/forum/public
21/May/2015 19:32:23,512- HashUrlMapFile: fb4a8145   http://space.cnblogs.com/forum/public
21/May/2015 19:32:23,513- HashUrlMapFile: 785d1adc   http://space.cnblogs.com/forum/public
21/May/2015 19:32:23,514- HashUrlMapFile: fc4712b8   http://space.cnblogs.com/forum/public
21/May/2015 19:32:23,515- HashUrlMapFile: 64849ebc   http://space.cnblogs.com/forum/public
21/May/2015 19:32:23,515- HashUrlMapFile: 0441f101   http://space.cnblogs.com/forum/public
21/May/2015 19:32:23,517- HashUrlMapFile: f2c0a4b2   http://space.cnblogs.com/forum/public
21/May/2015 19:32:23,518- HashUrlMapFile: 7c296217   http://space.cnblogs.com/forum/public
21/May/2015 19:32:23,519- HashUrlMapFile: 806ddc7d   http://space.cnblogs.com/forum/public
21/May/2015 19:32:23,520- HashUrlMapFile: 00ddd1fe   http://space.cnblogs.com/forum/public
21/May/2015 19:32:23,523- HashUrlMapFile: 3cad01b3   http://space.cnblogs.com/forum/public
21/May/2015 19:32:23,524- HashUrlMapFile: 87fa5a0e   http://space.cnblogs.com/forum/public
21/May/2015 19:32:23,616- HashUrlMapFile: e7fb9b63   http://home.cnblogs.com
21/May/2015 19:32:23,616- HashUrlMapFile: 5af5e678   http://home.cnblogs.com
21/May/2015 19:32:23,617- HashUrlMapFile: 4f3b64f9   http://home.cnblogs.com
21/May/2015 19:32:23,618- HashUrlMapFile: 64d3d517   http://home.cnblogs.com
21/May/2015 19:32:23,621- HashUrlMapFile: 3dffb797   http://home.cnblogs.com
21/May/2015 19:32:23,624- HashUrlMapFile: 5077bb4f   http://home.cnblogs.com
21/May/2015 19:32:24,211- HashUrlMapFile: 90b4a11d   http://q.cnblogs.com/
21/May/2015 19:32:24,230- HashUrlMapFile: cc91015c   http://q.cnblogs.com/
21/May/2015 19:32:24,503- HashUrlMapFile: dd058cf7   http://job.cnblogs.com/
21/May/2015 19:32:24,504- HashUrlMapFile: 3fd86aeb   http://job.cnblogs.com/
21/May/2015 19:32:24,505- HashUrlMapFile: 0eeb7640   http://job.cnblogs.com/
21/May/2015 19:32:24,505- HashUrlMapFile: 1c56d1a7   http://job.cnblogs.com/
21/May/2015 19:32:24,506- HashUrlMapFile: 80500867   http://job.cnblogs.com/
21/May/2015 19:32:24,646- HashUrlMapFile: 17a7d1d5   http://kb.cnblogs.com/
21/May/2015 19:32:24,648- HashUrlMapFile: fb359fe4   http://kb.cnblogs.com/
21/May/2015 19:32:24,648- HashUrlMapFile: 221ea194   http://kb.cnblogs.com/
21/May/2015 19:32:24,649- HashUrlMapFile: a1010d8d   http://kb.cnblogs.com/
21/May/2015 19:32:24,650- HashUrlMapFile: f35f345f   http://kb.cnblogs.com/
21/May/2015 19:32:24,650- HashUrlMapFile: 2cf097a3   http://kb.cnblogs.com/
21/May/2015 19:32:24,650- HashUrlMapFile: 45f84821   http://kb.cnblogs.com/
21/May/2015 19:32:24,651- HashUrlMapFile: 818082ed   http://kb.cnblogs.com/
21/May/2015 19:32:24,654- HashUrlMapFile: e265977c   http://kb.cnblogs.com/
21/May/2015 19:32:24,654- HashUrlMapFile: f16b7d6d   http://kb.cnblogs.com/
21/May/2015 19:32:24,655- HashUrlMapFile: 239e0db5   http://kb.cnblogs.com/
21/May/2015 19:32:24,655- HashUrlMapFile: ffe42049   http://kb.cnblogs.com/
21/May/2015 19:32:24,656- HashUrlMapFile: 2cf1c08d   http://kb.cnblogs.com/
21/May/2015 19:32:24,657- HashUrlMapFile: 4a60358b   http://kb.cnblogs.com/
21/May/2015 19:32:24,658- HashUrlMapFile: 92c67a6b   http://kb.cnblogs.com/
21/May/2015 19:32:24,659- HashUrlMapFile: af5992fe   http://kb.cnblogs.com/
21/May/2015 19:32:24,660- HashUrlMapFile: bc9d00b0   http://kb.cnblogs.com/
21/May/2015 19:32:24,660- HashUrlMapFile: bd92c0b6   http://kb.cnblogs.com/
21/May/2015 19:32:24,661- HashUrlMapFile: e17e311c   http://kb.cnblogs.com/
21/May/2015 19:32:24,661- HashUrlMapFile: 367043f7   http://kb.cnblogs.com/
21/May/2015 19:32:24,661- HashUrlMapFile: 0e6dca35   http://kb.cnblogs.com/
21/May/2015 19:32:24,662- HashUrlMapFile: e6717712   http://kb.cnblogs.com/
21/May/2015 19:32:24,662- HashUrlMapFile: a1a5d3b7   http://kb.cnblogs.com/
21/May/2015 19:32:24,662- HashUrlMapFile: 615e9b4a   http://kb.cnblogs.com/
21/May/2015 19:32:24,663- HashUrlMapFile: 2b849762   http://kb.cnblogs.com/
21/May/2015 19:32:24,663- HashUrlMapFile: ad10ab6d   http://kb.cnblogs.com/
21/May/2015 19:32:24,663- HashUrlMapFile: 5a38bff2   http://kb.cnblogs.com/
21/May/2015 19:32:24,664- HashUrlMapFile: 4caea865   http://kb.cnblogs.com/
21/May/2015 19:32:24,664- HashUrlMapFile: 2e8263b8   http://kb.cnblogs.com/
21/May/2015 19:32:24,664- HashUrlMapFile: d1a14429   http://kb.cnblogs.com/
21/May/2015 19:32:24,666- HashUrlMapFile: e195a77f   http://kb.cnblogs.com/
21/May/2015 19:32:26,967- HashUrlMapFile: 746f91d7   http://home.cnblogs.com/u/itwriter/
21/May/2015 19:32:26,968- HashUrlMapFile: 441ef258   http://home.cnblogs.com/u/itwriter/
21/May/2015 19:32:26,968- HashUrlMapFile: 647dc3c9   http://home.cnblogs.com/u/itwriter/
21/May/2015 19:32:26,968- HashUrlMapFile: bbcb0e95   http://home.cnblogs.com/u/itwriter/
21/May/2015 19:32:26,968- HashUrlMapFile: 013046e2   http://home.cnblogs.com/u/itwriter/
21/May/2015 19:32:26,968- HashUrlMapFile: 89a74f9f   http://home.cnblogs.com/u/itwriter/
21/May/2015 19:32:27,068- HashUrlMapFile: b47497b9   http://home.cnblogs.com/blog/
21/May/2015 19:32:27,068- HashUrlMapFile: 2af13957   http://home.cnblogs.com/blog/
21/May/2015 19:32:27,068- HashUrlMapFile: 09ba384b   http://home.cnblogs.com/blog/
21/May/2015 19:32:27,068- HashUrlMapFile: 20457255   http://home.cnblogs.com/blog/
21/May/2015 19:32:27,068- HashUrlMapFile: f16c5fd2   http://home.cnblogs.com/blog/
21/May/2015 19:32:27,069- HashUrlMapFile: 642a05c9   http://home.cnblogs.com/blog/
21/May/2015 19:32:27,069- HashUrlMapFile: f8dcf2a8   http://home.cnblogs.com/blog/
21/May/2015 19:32:27,069- HashUrlMapFile: 71e9f3aa   http://home.cnblogs.com/blog/
21/May/2015 19:32:27,069- HashUrlMapFile: 18ae2463   http://home.cnblogs.com/blog/
21/May/2015 19:32:27,069- HashUrlMapFile: a4f34cbb   http://home.cnblogs.com/blog/
21/May/2015 19:32:27,069- HashUrlMapFile: bdf68b03   http://home.cnblogs.com/blog/
21/May/2015 19:32:27,069- HashUrlMapFile: cde8514a   http://home.cnblogs.com/blog/
21/May/2015 19:32:27,070- HashUrlMapFile: cfb7c902   http://home.cnblogs.com/blog/
21/May/2015 19:32:27,070- HashUrlMapFile: d68dcc03   http://home.cnblogs.com/blog/
21/May/2015 19:32:27,070- HashUrlMapFile: 01d6aa64   http://home.cnblogs.com/blog/
21/May/2015 19:32:27,070- HashUrlMapFile: 02ca1f86   http://home.cnblogs.com/blog/
21/May/2015 19:32:27,071- HashUrlMapFile: bbff870b   http://home.cnblogs.com/blog/
21/May/2015 19:32:27,071- HashUrlMapFile: ffaf7e6a   http://home.cnblogs.com/blog/
21/May/2015 19:32:27,071- HashUrlMapFile: 73513aae   http://home.cnblogs.com/blog/
21/May/2015 19:32:27,071- HashUrlMapFile: 0428ded1   http://home.cnblogs.com/blog/
21/May/2015 19:32:27,071- HashUrlMapFile: f319b99f   http://home.cnblogs.com/blog/
21/May/2015 19:32:27,072- HashUrlMapFile: b0320f36   http://home.cnblogs.com/blog/
21/May/2015 19:32:27,072- HashUrlMapFile: 596d6b00   http://home.cnblogs.com/blog/
21/May/2015 19:32:27,072- HashUrlMapFile: b9890790   http://home.cnblogs.com/blog/
21/May/2015 19:32:27,072- HashUrlMapFile: 601c17ab   http://home.cnblogs.com/blog/
21/May/2015 19:32:27,072- HashUrlMapFile: a10ffd47   http://home.cnblogs.com/blog/
21/May/2015 19:32:27,072- HashUrlMapFile: 60e1d67b   http://home.cnblogs.com/blog/
21/May/2015 19:32:27,072- HashUrlMapFile: 997d5ef3   http://home.cnblogs.com/blog/
21/May/2015 19:32:27,073- HashUrlMapFile: 5e19a0b0   http://home.cnblogs.com/blog/
21/May/2015 19:32:27,073- HashUrlMapFile: 0d589dea   http://home.cnblogs.com/blog/
21/May/2015 19:32:27,073- HashUrlMapFile: e41cde9d   http://home.cnblogs.com/blog/
21/May/2015 19:32:27,073- HashUrlMapFile: 2bb397b6   http://home.cnblogs.com/blog/
21/May/2015 19:32:27,073- HashUrlMapFile: 7d6600a7   http://home.cnblogs.com/blog/
21/May/2015 19:32:27,073- HashUrlMapFile: 8b812171   http://home.cnblogs.com/blog/
21/May/2015 19:32:27,074- HashUrlMapFile: 3107d971   http://home.cnblogs.com/blog/
21/May/2015 19:32:27,074- HashUrlMapFile: b8a69f62   http://home.cnblogs.com/blog/
21/May/2015 19:32:27,074- HashUrlMapFile: cd7f71ad   http://home.cnblogs.com/blog/
21/May/2015 19:32:27,074- HashUrlMapFile: 82e225f1   http://home.cnblogs.com/blog/
21/May/2015 19:32:27,074- HashUrlMapFile: 6886f319   http://home.cnblogs.com/blog/
21/May/2015 19:32:27,075- HashUrlMapFile: 51907024   http://home.cnblogs.com/blog/
21/May/2015 19:32:27,075- HashUrlMapFile: 65a4ceab   http://home.cnblogs.com/blog/
21/May/2015 19:32:27,075- HashUrlMapFile: 2110d3f8   http://home.cnblogs.com/blog/
21/May/2015 19:32:27,075- HashUrlMapFile: 217b11ff   http://home.cnblogs.com/blog/
21/May/2015 19:32:27,075- HashUrlMapFile: df6a306a   http://home.cnblogs.com/blog/
21/May/2015 19:32:27,076- HashUrlMapFile: 819b0026   http://home.cnblogs.com/blog/
21/May/2015 19:32:27,076- HashUrlMapFile: 815282cf   http://home.cnblogs.com/blog/
21/May/2015 19:32:27,076- HashUrlMapFile: e94a4ae4   http://home.cnblogs.com/blog/
21/May/2015 19:32:27,076- HashUrlMapFile: 196bfe1f   http://home.cnblogs.com/blog/
21/May/2015 19:32:27,076- HashUrlMapFile: 52e67ca4   http://home.cnblogs.com/blog/
21/May/2015 19:32:27,076- HashUrlMapFile: c865abdc   http://home.cnblogs.com/blog/
21/May/2015 19:32:27,076- HashUrlMapFile: 2301cee0   http://home.cnblogs.com/blog/
21/May/2015 19:32:27,077- HashUrlMapFile: a372ad97   http://home.cnblogs.com/blog/
21/May/2015 19:32:27,077- HashUrlMapFile: 5062b836   http://home.cnblogs.com/blog/
21/May/2015 19:32:27,077- HashUrlMapFile: 81ae17c4   http://home.cnblogs.com/blog/
21/May/2015 19:32:27,077- HashUrlMapFile: 2c0ffc95   http://home.cnblogs.com/blog/
21/May/2015 19:32:27,077- HashUrlMapFile: 6dfa99f2   http://home.cnblogs.com/blog/
21/May/2015 19:32:27,077- HashUrlMapFile: 1828c176   http://home.cnblogs.com/blog/
21/May/2015 19:32:27,078- HashUrlMapFile: f9d9b008   http://home.cnblogs.com/blog/
21/May/2015 19:32:27,078- HashUrlMapFile: 70e42925   http://home.cnblogs.com/blog/
21/May/2015 19:32:27,078- HashUrlMapFile: d2d6d109   http://home.cnblogs.com/blog/
21/May/2015 19:32:27,078- HashUrlMapFile: 9c109305   http://home.cnblogs.com/blog/
21/May/2015 19:32:27,078- HashUrlMapFile: 03d4194a   http://home.cnblogs.com/blog/
21/May/2015 19:32:27,078- HashUrlMapFile: cf22e595   http://home.cnblogs.com/blog/
21/May/2015 19:32:27,078- HashUrlMapFile: d006908a   http://home.cnblogs.com/blog/
21/May/2015 19:32:27,078- HashUrlMapFile: d49254de   http://home.cnblogs.com/blog/
21/May/2015 19:32:27,079- HashUrlMapFile: 8a702e23   http://home.cnblogs.com/blog/
21/May/2015 19:32:27,777- HashUrlMapFile: 237ba0dd   http://home.cnblogs.com/news/
21/May/2015 19:32:27,778- HashUrlMapFile: a19b0aff   http://home.cnblogs.com/news/
21/May/2015 19:32:27,779- HashUrlMapFile: 21b7fb53   http://home.cnblogs.com/news/
21/May/2015 19:32:27,779- HashUrlMapFile: cf96d0bd   http://home.cnblogs.com/news/
21/May/2015 19:32:27,779- HashUrlMapFile: c17142b9   http://home.cnblogs.com/news/
21/May/2015 19:32:27,779- HashUrlMapFile: 9bad1655   http://home.cnblogs.com/news/
21/May/2015 19:32:27,779- HashUrlMapFile: 103b6ff6   http://home.cnblogs.com/news/
21/May/2015 19:32:27,780- HashUrlMapFile: d6cc364d   http://home.cnblogs.com/news/
21/May/2015 19:32:27,780- HashUrlMapFile: d724d9d9   http://home.cnblogs.com/news/
21/May/2015 19:32:27,781- HashUrlMapFile: f9f93818   http://home.cnblogs.com/news/
21/May/2015 19:32:27,781- HashUrlMapFile: f076ffe9   http://home.cnblogs.com/news/
21/May/2015 19:32:27,781- HashUrlMapFile: 41b5252c   http://home.cnblogs.com/news/
21/May/2015 19:32:27,781- HashUrlMapFile: 4c312fbe   http://home.cnblogs.com/news/
21/May/2015 19:32:27,781- HashUrlMapFile: 88ba4093   http://home.cnblogs.com/news/
21/May/2015 19:32:27,782- HashUrlMapFile: 59d3377e   http://home.cnblogs.com/news/
21/May/2015 19:32:27,782- HashUrlMapFile: 3ab38389   http://home.cnblogs.com/news/
21/May/2015 19:32:27,782- HashUrlMapFile: 32fb61bb   http://home.cnblogs.com/news/
21/May/2015 19:32:27,782- HashUrlMapFile: 7e7a54b3   http://home.cnblogs.com/news/
21/May/2015 19:32:27,783- HashUrlMapFile: 65ee7f1e   http://home.cnblogs.com/news/
21/May/2015 19:32:27,783- HashUrlMapFile: bbe2921e   http://home.cnblogs.com/news/
21/May/2015 19:32:27,783- HashUrlMapFile: 207e7007   http://home.cnblogs.com/news/
21/May/2015 19:32:27,783- HashUrlMapFile: 31488393   http://home.cnblogs.com/news/
21/May/2015 19:32:27,784- HashUrlMapFile: 165a68bb   http://home.cnblogs.com/news/
21/May/2015 19:32:27,784- HashUrlMapFile: 425c6e0a   http://home.cnblogs.com/news/
21/May/2015 19:32:27,784- HashUrlMapFile: e662c130   http://home.cnblogs.com/news/
21/May/2015 19:32:27,784- HashUrlMapFile: f2a7c350   http://home.cnblogs.com/news/
21/May/2015 19:32:27,785- HashUrlMapFile: a5bfdfb4   http://home.cnblogs.com/news/
21/May/2015 19:32:27,786- HashUrlMapFile: 621b5a66   http://home.cnblogs.com/news/
21/May/2015 19:32:27,786- HashUrlMapFile: 15dae7f6   http://home.cnblogs.com/news/
21/May/2015 19:32:27,805- HashUrlMapFile: 6537b30f   http://home.cnblogs.com/news/
21/May/2015 19:32:27,807- HashUrlMapFile: fb1644ed   http://home.cnblogs.com/news/
21/May/2015 19:32:27,807- HashUrlMapFile: 28658c68   http://home.cnblogs.com/news/
21/May/2015 19:32:27,808- HashUrlMapFile: c7d8ffa4   http://home.cnblogs.com/news/
21/May/2015 19:32:27,808- HashUrlMapFile: be64e2bd   http://home.cnblogs.com/news/
21/May/2015 19:32:27,808- HashUrlMapFile: 15ed4d39   http://home.cnblogs.com/news/
21/May/2015 19:32:27,809- HashUrlMapFile: 5ce764f9   http://home.cnblogs.com/news/
21/May/2015 19:32:27,809- HashUrlMapFile: 7de96536   http://home.cnblogs.com/news/
21/May/2015 19:32:27,810- HashUrlMapFile: 7df08fd4   http://home.cnblogs.com/news/
21/May/2015 19:32:27,810- HashUrlMapFile: 1a0763e9   http://home.cnblogs.com/news/
21/May/2015 19:32:27,810- HashUrlMapFile: 60236fa9   http://home.cnblogs.com/news/
21/May/2015 19:32:27,811- HashUrlMapFile: b83fcf38   http://home.cnblogs.com/news/
21/May/2015 19:32:27,811- HashUrlMapFile: 80c35101   http://home.cnblogs.com/news/
21/May/2015 19:32:27,811- HashUrlMapFile: 67bafb33   http://home.cnblogs.com/news/
21/May/2015 19:32:27,811- HashUrlMapFile: a426a587   http://home.cnblogs.com/news/
21/May/2015 19:32:27,812- HashUrlMapFile: 170dab3d   http://home.cnblogs.com/news/
21/May/2015 19:32:27,812- HashUrlMapFile: 41a592c7   http://home.cnblogs.com/news/
21/May/2015 19:32:27,813- HashUrlMapFile: 88a3e749   http://home.cnblogs.com/news/
21/May/2015 19:32:27,813- HashUrlMapFile: 474ac2de   http://home.cnblogs.com/news/
21/May/2015 19:32:27,813- HashUrlMapFile: ecc180b7   http://home.cnblogs.com/news/
21/May/2015 19:32:27,814- HashUrlMapFile: b4eba9b2   http://home.cnblogs.com/news/
21/May/2015 19:32:27,814- HashUrlMapFile: 4c546595   http://home.cnblogs.com/news/
21/May/2015 19:32:27,815- HashUrlMapFile: f3efabcb   http://home.cnblogs.com/news/
21/May/2015 19:32:27,815- HashUrlMapFile: f8cd7048   http://home.cnblogs.com/news/
21/May/2015 19:32:27,815- HashUrlMapFile: e7dd300f   http://home.cnblogs.com/news/
21/May/2015 19:32:27,816- HashUrlMapFile: 9aa52c85   http://home.cnblogs.com/news/
21/May/2015 19:32:27,816- HashUrlMapFile: 1d4bf35a   http://home.cnblogs.com/news/
21/May/2015 19:32:27,816- HashUrlMapFile: 75f1129e   http://home.cnblogs.com/news/
21/May/2015 19:32:27,816- HashUrlMapFile: e25a1e32   http://home.cnblogs.com/news/
21/May/2015 19:32:27,817- HashUrlMapFile: 95e6f3da   http://home.cnblogs.com/news/
21/May/2015 19:32:27,817- HashUrlMapFile: 6828dee5   http://home.cnblogs.com/news/
21/May/2015 19:32:27,817- HashUrlMapFile: 337896d2   http://home.cnblogs.com/news/
21/May/2015 19:32:27,817- HashUrlMapFile: 26061969   http://home.cnblogs.com/news/
21/May/2015 19:32:27,818- HashUrlMapFile: e3d72367   http://home.cnblogs.com/news/
21/May/2015 19:32:27,819- HashUrlMapFile: 9616cf80   http://home.cnblogs.com/news/
21/May/2015 19:32:27,819- HashUrlMapFile: 5f5aa86b   http://home.cnblogs.com/news/
21/May/2015 19:32:27,820- HashUrlMapFile: 388a2674   http://home.cnblogs.com/news/
21/May/2015 19:32:27,820- HashUrlMapFile: c6ad55c7   http://home.cnblogs.com/news/
21/May/2015 19:32:27,820- HashUrlMapFile: fe73a666   http://home.cnblogs.com/news/
21/May/2015 19:32:27,820- HashUrlMapFile: fe36b541   http://home.cnblogs.com/news/
21/May/2015 19:32:27,821- HashUrlMapFile: 32e7147e   http://home.cnblogs.com/news/
21/May/2015 19:32:27,821- HashUrlMapFile: fd0a8c97   http://home.cnblogs.com/news/
21/May/2015 19:32:27,821- HashUrlMapFile: ac84c8d1   http://home.cnblogs.com/news/
21/May/2015 19:32:27,821- HashUrlMapFile: 60be8dae   http://home.cnblogs.com/news/
21/May/2015 19:32:27,822- HashUrlMapFile: 10f2081a   http://home.cnblogs.com/news/
21/May/2015 19:32:27,822- HashUrlMapFile: 6c52e518   http://home.cnblogs.com/news/
21/May/2015 19:32:27,822- HashUrlMapFile: 8cedea94   http://home.cnblogs.com/news/
21/May/2015 19:32:28,100- HashUrlMapFile: 795db150   http://news.cnblogs.com/n/521578/
21/May/2015 19:32:28,860- HashUrlMapFile: 9c4d2918   http://home.cnblogs.com/job/
21/May/2015 19:32:28,861- HashUrlMapFile: 8323bdad   http://home.cnblogs.com/job/
21/May/2015 19:32:28,861- HashUrlMapFile: a87c38df   http://home.cnblogs.com/job/
21/May/2015 19:32:28,861- HashUrlMapFile: dc2e43b8   http://home.cnblogs.com/job/
21/May/2015 19:32:28,861- HashUrlMapFile: ce6664d7   http://home.cnblogs.com/job/
21/May/2015 19:32:28,861- HashUrlMapFile: dffd2c59   http://home.cnblogs.com/job/
21/May/2015 19:32:28,861- HashUrlMapFile: 1cf774fd   http://home.cnblogs.com/job/
21/May/2015 19:32:28,862- HashUrlMapFile: b16958f1   http://home.cnblogs.com/job/
21/May/2015 19:32:28,862- HashUrlMapFile: 7a505987   http://home.cnblogs.com/job/
21/May/2015 19:32:28,862- HashUrlMapFile: 9d89ef8e   http://home.cnblogs.com/job/
21/May/2015 19:32:28,862- HashUrlMapFile: 5174e0cb   http://home.cnblogs.com/job/
21/May/2015 19:32:28,862- HashUrlMapFile: f1e3b2f8   http://home.cnblogs.com/job/
21/May/2015 19:32:28,862- HashUrlMapFile: 8546556a   http://home.cnblogs.com/job/
21/May/2015 19:32:28,862- HashUrlMapFile: 5af10764   http://home.cnblogs.com/job/
21/May/2015 19:32:28,862- HashUrlMapFile: 96712aab   http://home.cnblogs.com/job/
21/May/2015 19:32:28,862- HashUrlMapFile: bac4ad6c   http://home.cnblogs.com/job/
21/May/2015 19:32:28,863- HashUrlMapFile: 5b3912ab   http://home.cnblogs.com/job/
21/May/2015 19:32:28,863- HashUrlMapFile: d5467cdc   http://home.cnblogs.com/job/
21/May/2015 19:32:28,863- HashUrlMapFile: e605e811   http://home.cnblogs.com/job/
21/May/2015 19:32:28,863- HashUrlMapFile: b25eeb51   http://home.cnblogs.com/job/
21/May/2015 19:32:28,863- HashUrlMapFile: 888c154b   http://home.cnblogs.com/job/
21/May/2015 19:32:28,863- HashUrlMapFile: 2ffd3045   http://home.cnblogs.com/job/
21/May/2015 19:32:28,864- HashUrlMapFile: 5d0da4e5   http://home.cnblogs.com/job/
21/May/2015 19:32:28,864- HashUrlMapFile: d7c0cc03   http://home.cnblogs.com/job/
21/May/2015 19:32:28,864- HashUrlMapFile: 18dbe3f8   http://home.cnblogs.com/job/
21/May/2015 19:32:28,864- HashUrlMapFile: cb6a4985   http://home.cnblogs.com/job/
21/May/2015 19:32:28,864- HashUrlMapFile: 2f3821ec   http://home.cnblogs.com/job/
21/May/2015 19:32:28,865- HashUrlMapFile: 05b36aec   http://home.cnblogs.com/job/
21/May/2015 19:32:28,865- HashUrlMapFile: 1211d17b   http://home.cnblogs.com/job/
21/May/2015 19:32:28,865- HashUrlMapFile: 37c16335   http://home.cnblogs.com/job/
21/May/2015 19:32:28,865- HashUrlMapFile: c1512534   http://home.cnblogs.com/job/
21/May/2015 19:32:28,865- HashUrlMapFile: f829c029   http://home.cnblogs.com/job/
21/May/2015 19:32:28,865- HashUrlMapFile: 75bb65ab   http://home.cnblogs.com/job/
21/May/2015 19:32:28,865- HashUrlMapFile: 7acab7f8   http://home.cnblogs.com/job/
21/May/2015 19:32:28,866- HashUrlMapFile: 7160e646   http://home.cnblogs.com/job/
21/May/2015 19:32:28,866- HashUrlMapFile: 2559a5e3   http://home.cnblogs.com/job/
21/May/2015 19:32:28,866- HashUrlMapFile: 6959fac0   http://home.cnblogs.com/job/
21/May/2015 19:32:28,866- HashUrlMapFile: 8486698b   http://home.cnblogs.com/job/
21/May/2015 19:32:28,866- HashUrlMapFile: 7ec83cec   http://home.cnblogs.com/job/
21/May/2015 19:32:28,866- HashUrlMapFile: 47ca932b   http://home.cnblogs.com/job/
21/May/2015 19:32:28,866- HashUrlMapFile: 32e43c43   http://home.cnblogs.com/job/
21/May/2015 19:32:28,867- HashUrlMapFile: b01f3dd4   http://home.cnblogs.com/job/
21/May/2015 19:32:28,867- HashUrlMapFile: 3307a8d3   http://home.cnblogs.com/job/
21/May/2015 19:32:28,867- HashUrlMapFile: 5c85473e   http://home.cnblogs.com/job/
21/May/2015 19:32:28,867- HashUrlMapFile: 01f0b2b2   http://home.cnblogs.com/job/
21/May/2015 19:32:28,867- HashUrlMapFile: 9182a0d8   http://home.cnblogs.com/job/
21/May/2015 19:32:28,867- HashUrlMapFile: 891d52d4   http://home.cnblogs.com/job/
21/May/2015 19:32:28,867- HashUrlMapFile: 3ae6f098   http://home.cnblogs.com/job/
21/May/2015 19:32:28,868- HashUrlMapFile: 0287c48e   http://home.cnblogs.com/job/
21/May/2015 19:32:28,868- HashUrlMapFile: 7a63ad8b   http://home.cnblogs.com/job/
21/May/2015 19:32:28,868- HashUrlMapFile: 665f2323   http://home.cnblogs.com/job/
21/May/2015 19:32:28,868- HashUrlMapFile: cbdc5172   http://home.cnblogs.com/job/
21/May/2015 19:32:28,868- HashUrlMapFile: 49f132b9   http://home.cnblogs.com/job/
21/May/2015 19:32:28,868- HashUrlMapFile: 7a272a06   http://home.cnblogs.com/job/
21/May/2015 19:32:28,869- HashUrlMapFile: 4f9b96e1   http://home.cnblogs.com/job/
21/May/2015 19:32:28,869- HashUrlMapFile: 59d54752   http://home.cnblogs.com/job/
21/May/2015 19:32:28,869- HashUrlMapFile: 07970424   http://home.cnblogs.com/job/
21/May/2015 19:32:28,869- HashUrlMapFile: a46d2cec   http://home.cnblogs.com/job/
21/May/2015 19:32:28,869- HashUrlMapFile: 8292f86b   http://home.cnblogs.com/job/
21/May/2015 19:32:28,869- HashUrlMapFile: 53e67f65   http://home.cnblogs.com/job/
21/May/2015 19:32:28,870- HashUrlMapFile: 5f56b029   http://home.cnblogs.com/job/
21/May/2015 19:32:28,870- HashUrlMapFile: 243a55f9   http://home.cnblogs.com/job/
21/May/2015 19:32:28,870- HashUrlMapFile: 6fb844ff   http://home.cnblogs.com/job/
21/May/2015 19:32:28,870- HashUrlMapFile: 9548b70d   http://home.cnblogs.com/job/
21/May/2015 19:32:28,871- HashUrlMapFile: 31858b4c   http://home.cnblogs.com/job/
21/May/2015 19:32:29,121- HashUrlMapFile: 6b388779   http://job.cnblogs.com/offer/46233/
