07/May/2015 17:33:12,141- Main: new thread starting : Thread-83
07/May/2015 17:33:12,659- Main: fetching http://home.51cto.com/index.php?s=/Friend/findsametec/type/search/title/python
07/May/2015 17:33:12,070- Main: fetching http://home.51cto.com?reback=http%253A%252F%252Fprincepar.blog.51cto.com%252F1448665%252F1643888
07/May/2015 17:33:12,051- Main: new thread starting : Thread-71
07/May/2015 17:33:12,729- Main: fetching http://ultrasql.blog.51cto.com/9591438/1636374
07/May/2015 17:33:12,050- Main: new thread starting : Thread-74
07/May/2015 17:33:12,737- Main: fetching http://ucenter.51cto.com/reg_01.php?reback=http%253A%252F%252Fedu.51cto.com%252Flecturer%252Fapply.html%253Fedu_recommend_adid%253D95
07/May/2015 17:33:12,033- Main: new thread starting : Thread-76
07/May/2015 17:33:12,744- Main: fetching http://home.51cto.com?reback=http%253A%252F%252F51ctohome.blog.51cto.com%252F1805422%252F579769
07/May/2015 17:33:12,728- Main: fetching http://home.51cto.com?reback=http%253A%252F%252Fquenlang.blog.51cto.com%252F4813803%252F1636441
07/May/2015 17:33:12,658- Main: new thread starting : Thread-92
07/May/2015 17:33:12,820- Main: fetching http://shop.51cto.com
07/May/2015 17:33:12,550- Main: new thread starting : Thread-90
07/May/2015 17:33:12,820- Main: fetching http://blog.51cto.com/tag-CCNA.html
07/May/2015 17:33:12,550- Main: new thread starting : Thread-91
07/May/2015 17:33:12,821- Main: fetching http://bbs.51cto.com/thread-1150366-1.html
07/May/2015 17:33:12,481- Main: new thread starting : Thread-89
07/May/2015 17:33:12,822- Main: fetching http://home.51cto.com/?reback=http%253A%252F%252Fedu.51cto.com%252Flecturer%252Fapply.html%253Fedu_recommend_adid%253D95
07/May/2015 17:33:12,359- Main: new thread starting : Thread-84
07/May/2015 17:33:12,958- Main: fetching http://t.51cto.com/
07/May/2015 17:33:12,358- Main: new thread starting : Thread-85
07/May/2015 17:33:12,962- Main: fetching http://www.51cto.com/php/guestbook/
07/May/2015 17:33:12,962- Main: page no content or too big97
07/May/2015 17:33:12,963- Main: fetching http://quenlang.blog.51cto.com
07/May/2015 17:33:12,973- Main: page no content or too big423
07/May/2015 17:33:12,357- Main: new thread starting : Thread-87
07/May/2015 17:33:13,016- Main: fetching http://home.51cto.com?reback=http%253A%252F%252Frdsrv.blog.51cto.com%252F2996778%252F1643482
07/May/2015 17:33:12,357- Main: new thread starting : Thread-82
07/May/2015 17:33:12,357- Main: new thread starting : Thread-79
07/May/2015 17:33:13,076- Main: fetching http://bbs.51cto.com
07/May/2015 17:33:12,189- Main: fetching http://home.51cto.com?reback=http%253A%252F%252Frdsrv.blog.51cto.com%252F2996778%252F1643482
07/May/2015 17:33:13,074- Main: fetching http://home.51cto.com?reback=http%253A%252F%252Fprincepar.blog.51cto.com%252F1448665%252F1643888
07/May/2015 17:33:12,943- Main: new thread starting : Thread-95
07/May/2015 17:33:13,085- Main: fetching http://57388.blog.51cto.com/47388/1643886
07/May/2015 17:33:12,809- Main: new thread starting : Thread-94
07/May/2015 17:33:13,086- Main: fetching http://blog.51cto.com/zt/5-1.html
