21/May/2015 11:38:17,432- Main: Start at :: Thu May 21 11:38:17 CST 2015
21/May/2015 11:38:17,440- Main: load url-done list done 2 loaded
21/May/2015 11:38:17,445- Main: new thread resumed: 2
21/May/2015 11:38:17,447- Main: new thread starting : Thread-1
21/May/2015 11:38:17,447- Main: fetching http://news.cnblogs.com/
21/May/2015 11:38:17,451- Main: new thread starting : Thread-2
21/May/2015 11:38:17,452- Main: fetching http://www.cnblogs.com/
21/May/2015 11:38:17,481- Main: page no content or too big: 25 @http://www.cnblogs.com/
21/May/2015 11:38:17,481- Main: page no content or too big: 26 @http://news.cnblogs.com/
21/May/2015 11:40:30,418- Main: Start at :: Thu May 21 11:40:30 CST 2015
21/May/2015 11:40:30,424- Main: load url-done list done 2 loaded
21/May/2015 11:40:30,429- Main: new thread resumed: 2
21/May/2015 11:40:30,461- Main: new thread starting : Thread-1
21/May/2015 11:40:30,461- Main: fetching http://news.cnblogs.com/
21/May/2015 11:40:30,463- Main: new thread starting : Thread-2
21/May/2015 11:40:30,463- Main: fetching http://www.cnblogs.com/
21/May/2015 11:40:31,588- Main: fetching http://www.cnblogs.com
21/May/2015 11:40:31,689- Main: new thread starting : Thread-5
21/May/2015 11:40:31,690- Main: fetching http://www.cnblogs.com
21/May/2015 11:40:31,721- Main: fetching http://space.cnblogs.com/forum/public
21/May/2015 11:40:31,722- Main: fetching http://home.cnblogs.com/
21/May/2015 11:40:31,784- Main: new thread starting : Thread-6
21/May/2015 11:40:31,784- Main: fetching http://space.cnblogs.com/forum/public
21/May/2015 11:40:31,823- Main: new thread starting : Thread-7
21/May/2015 11:40:31,824- Main: fetching http://home.cnblogs.com/
21/May/2015 11:40:31,846- Main: fetching http://news.cnblogs.com
21/May/2015 11:40:31,878- Main: new thread starting : Thread-8
21/May/2015 11:40:31,879- Main: fetching http://news.cnblogs.com
21/May/2015 11:40:31,989- Main: fetching http://home.cnblogs.com
21/May/2015 11:40:32,034- Main: fetching http://home.cnblogs.com/ing/
21/May/2015 11:40:32,083- Main: fetching http://q.cnblogs.com/
21/May/2015 11:40:32,146- Main: new thread starting : Thread-11
21/May/2015 11:40:32,146- Main: fetching http://home.cnblogs.com
21/May/2015 11:40:32,201- Main: fetching http://home.cnblogs.com/wz/
21/May/2015 11:40:32,332- Main: fetching http://ing.cnblogs.com/
21/May/2015 11:40:32,386- Main: fetching http://group.cnblogs.com/
21/May/2015 11:40:32,402- Main: new thread starting : Thread-13
21/May/2015 11:40:32,403- Main: fetching http://home.cnblogs.com/ing/
21/May/2015 11:40:32,414- Main: new thread starting : Thread-14
21/May/2015 11:40:32,414- Main: fetching http://q.cnblogs.com/
21/May/2015 11:40:32,625- Main: fetching http://wz.cnblogs.com/
21/May/2015 11:40:32,628- Main: new thread starting : Thread-20
21/May/2015 11:40:32,629- Main: fetching http://wz.cnblogs.com/
21/May/2015 11:40:32,633- Main: new thread starting : Thread-19
21/May/2015 11:40:32,633- Main: fetching http://group.cnblogs.com/
21/May/2015 11:40:32,642- Main: new thread starting : Thread-18
21/May/2015 11:40:32,642- Main: fetching http://ing.cnblogs.com/
21/May/2015 11:40:32,648- Main: new thread starting : Thread-17
21/May/2015 11:40:32,649- Main: fetching http://home.cnblogs.com/wz/
21/May/2015 11:40:32,920- Main: fetching http://job.cnblogs.com
21/May/2015 11:40:32,953- Main: new thread starting : Thread-25
21/May/2015 11:40:32,954- Main: fetching http://job.cnblogs.com
21/May/2015 11:40:32,992- Main: fetching http://space.cnblogs.com/msg/recent
21/May/2015 11:40:33,053- Main: new thread starting : Thread-26
21/May/2015 11:40:33,053- Main: fetching http://space.cnblogs.com/msg/recent
21/May/2015 11:40:33,130- Main: fetching http://home.cnblogs.com/u/lliuliuquan/
21/May/2015 11:40:33,199- Main: fetching http://kb.cnblogs.com
21/May/2015 11:40:33,210- Main: fetching http://job.cnblogs.com/
21/May/2015 11:40:33,244- Main: fetching http://home.cnblogs.com/u/leon-pang/
21/May/2015 11:40:33,277- Main: new thread starting : Thread-29
21/May/2015 11:40:33,277- Main: fetching http://job.cnblogs.com/
21/May/2015 11:40:33,277- Main: new thread starting : Thread-28
21/May/2015 11:40:33,278- Main: fetching http://kb.cnblogs.com
21/May/2015 11:40:33,278- Main: new thread starting : Thread-27
21/May/2015 11:40:33,278- Main: fetching http://home.cnblogs.com/u/lliuliuquan/
21/May/2015 11:40:33,352- Main: new thread starting : Thread-30
21/May/2015 11:40:33,352- Main: fetching http://home.cnblogs.com/u/leon-pang/
21/May/2015 11:40:33,384- Main: fetching http://home.cnblogs.com/u/cmt/
21/May/2015 11:40:33,444- Main: new thread starting : Thread-34
21/May/2015 11:40:33,444- Main: fetching http://home.cnblogs.com/u/cmt/
21/May/2015 11:40:33,463- Main: fetching http://home.cnblogs.com/u/itwriter/
21/May/2015 11:40:33,482- Main: new thread starting : Thread-35
21/May/2015 11:40:33,483- Main: fetching http://home.cnblogs.com/u/itwriter/
21/May/2015 11:40:33,507- Main: fetching http://home.cnblogs.com/u/aliyunblogs/
21/May/2015 11:40:33,545- Main: new thread starting : Thread-37
21/May/2015 11:40:33,546- Main: fetching http://home.cnblogs.com/u/aliyunblogs/
21/May/2015 11:40:33,705- Main: fetching http://home.cnblogs.com/u/billion-points/
21/May/2015 11:40:33,730- Main: fetching http://feed.cnblogs.com/news/rss
21/May/2015 11:40:33,736- Main: new thread starting : Thread-39
21/May/2015 11:40:33,737- Main: fetching http://home.cnblogs.com/u/billion-points/
21/May/2015 11:40:33,789- Main: new thread starting : Thread-42
21/May/2015 11:40:33,790- Main: fetching http://feed.cnblogs.com/news/rss
21/May/2015 11:40:33,797- Main: fetching http://home.cnblogs.com/u/jin521/
21/May/2015 11:40:33,817- Main: fetching http://kb.cnblogs.com/
21/May/2015 11:40:33,823- Main: fetching http://msg.cnblogs.com/msg/send/04%e5%bd%ad%e5%be%97%e6%ba%90/
21/May/2015 11:40:33,862- Main: new thread starting : Thread-46
21/May/2015 11:40:33,863- Main: fetching http://msg.cnblogs.com/msg/send/04%e5%bd%ad%e5%be%97%e6%ba%90/
21/May/2015 11:40:33,863- Main: new thread starting : Thread-44
21/May/2015 11:40:33,863- Main: fetching http://kb.cnblogs.com/
21/May/2015 11:40:33,890- Main: fetching http://home.cnblogs.com/u/Dragon-wuxl/
21/May/2015 11:40:33,890- Main: new thread starting : Thread-43
21/May/2015 11:40:33,907- Main: fetching http://home.cnblogs.com/u/jin521/
21/May/2015 11:40:34,001- Main: new thread starting : Thread-49
21/May/2015 11:40:34,002- Main: fetching http://home.cnblogs.com/u/Dragon-wuxl/
21/May/2015 11:40:34,010- Main: fetching http://home.cnblogs.com/u/miketwais/
21/May/2015 11:40:34,026- Main: new thread starting : Thread-50
21/May/2015 11:40:34,026- Main: fetching http://home.cnblogs.com/u/miketwais/
21/May/2015 11:40:34,056- Main: fetching http://msg.cnblogs.com/msg/send/itwriter/
21/May/2015 11:40:34,057- Main: fetching http://msg.cnblogs.com/msg/send/%e9%98%bf%e9%87%8c%e4%ba%91%e5%ae%98%e6%96%b9%e5%8d%9a%e5%ae%a2/
21/May/2015 11:40:34,058- Main: fetching http://msg.cnblogs.com/msg/send/%e5%8d%9a%e5%ae%a2%e5%9b%ad%e5%9b%a2%e9%98%9f/
21/May/2015 11:40:34,071- Main: new thread starting : Thread-51
21/May/2015 11:40:34,070- Main: new thread starting : Thread-52
21/May/2015 11:40:34,071- Main: fetching http://msg.cnblogs.com/msg/send/itwriter/
21/May/2015 11:40:34,070- Main: new thread starting : Thread-53
21/May/2015 11:40:34,071- Main: fetching http://msg.cnblogs.com/msg/send/%e9%98%bf%e9%87%8c%e4%ba%91%e5%ae%98%e6%96%b9%e5%8d%9a%e5%ae%a2/
21/May/2015 11:40:34,072- Main: fetching http://msg.cnblogs.com/msg/send/%e5%8d%9a%e5%ae%a2%e5%9b%ad%e5%9b%a2%e9%98%9f/
21/May/2015 11:40:34,114- Main: fetching http://home.cnblogs.com/u/wang-lhai-blog/
21/May/2015 11:40:34,178- Main: page no content or too big: 34 @http://feed.cnblogs.com/news/rss
21/May/2015 11:40:34,184- Main: fetching http://msg.cnblogs.com/msg/send/%e6%af%94%e7%bb%83%e8%b7%91%e9%9f%b3/
21/May/2015 11:40:34,184- Main: page no content or too big: 34 @http://feed.cnblogs.com/news/rss
21/May/2015 11:40:34,184- Main: fetching http://home.cnblogs.com/news/
21/May/2015 11:40:34,244- Main: fetching http://home.cnblogs.com/u/541529/
21/May/2015 11:40:34,256- Main: new thread starting : Thread-58
21/May/2015 11:40:34,256- Main: fetching http://msg.cnblogs.com/msg/send/%e6%af%94%e7%bb%83%e8%b7%91%e9%9f%b3/
21/May/2015 11:40:34,266- Main: new thread starting : Thread-54
21/May/2015 11:40:34,267- Main: fetching http://home.cnblogs.com/u/wang-lhai-blog/
21/May/2015 11:40:34,329- Main: fetching http://www.cnblogs.com/about/job.aspx
21/May/2015 11:40:34,361- Main: new thread starting : Thread-59
21/May/2015 11:40:34,361- Main: fetching http://home.cnblogs.com/news/
21/May/2015 11:40:34,423- Main: new thread starting : Thread-61
21/May/2015 11:40:34,423- Main: fetching http://home.cnblogs.com/u/541529/
21/May/2015 11:40:34,427- Main: new thread starting : Thread-62
21/May/2015 11:40:34,428- Main: fetching http://www.cnblogs.com/about/job.aspx
21/May/2015 11:40:34,439- Main: fetching http://news.cnblogs.com/m
21/May/2015 11:40:34,444- Main: page no content or too big: 2163 @http://www.cnblogs.com/about/job.aspx
21/May/2015 11:40:34,517- Main: new thread starting : Thread-63
21/May/2015 11:40:34,517- Main: fetching http://news.cnblogs.com/m
21/May/2015 11:40:34,517- Main: page no content or too big: 3613 @http://news.cnblogs.com/m
21/May/2015 11:40:34,518- Main: fetching http://www.cnblogs.com/AboutUS.aspx
21/May/2015 11:40:34,535- Main: new thread starting : Thread-64
21/May/2015 11:40:34,536- Main: fetching http://www.cnblogs.com/AboutUS.aspx
21/May/2015 11:40:34,535- Main: fetching http://msg.cnblogs.com/msg/send/miketwais/
21/May/2015 11:40:34,538- Main: new thread starting : Thread-65
21/May/2015 11:40:34,542- Main: fetching http://msg.cnblogs.com/msg/send/miketwais/
21/May/2015 11:40:34,541- Main: page no content or too big: 2163 @http://www.cnblogs.com/about/job.aspx
21/May/2015 11:40:34,572- Main: page no content or too big: 2088 @http://www.cnblogs.com/AboutUS.aspx
21/May/2015 11:40:34,542- Main: fetching http://msg.cnblogs.com/msg/send/Dragon-wuxl/
21/May/2015 11:40:34,584- Main: fetching http://msg.cnblogs.com/msg/send/%e5%bc%a0%e9%87%91%e6%a3%92/
21/May/2015 11:40:34,585- Main: fetching http://home.cnblogs.com/u/juanyeye/
21/May/2015 11:40:34,584- Main: fetching http://www.cnblogs.com/SiteMap.aspx
21/May/2015 11:40:34,620- Main: page no content or too big: 2088 @http://www.cnblogs.com/AboutUS.aspx
21/May/2015 11:40:34,619- Main: new thread starting : Thread-68
21/May/2015 11:40:34,632- Main: fetching http://www.cnblogs.com/SiteMap.aspx
21/May/2015 11:40:34,620- Main: page no content or too big: 3613 @http://news.cnblogs.com/m
21/May/2015 11:40:34,619- Main: new thread starting : Thread-69
21/May/2015 11:40:34,584- Main: new thread starting : Thread-66
21/May/2015 11:40:34,633- Main: fetching http://msg.cnblogs.com/msg/send/%e5%bc%a0%e9%87%91%e6%a3%92/
21/May/2015 11:40:34,607- Main: new thread starting : Thread-70
21/May/2015 11:40:34,639- Main: fetching http://home.cnblogs.com/u/juanyeye/
21/May/2015 11:40:34,633- Main: fetching http://msg.cnblogs.com/msg/send/Dragon-wuxl/
21/May/2015 11:40:34,659- Main: fetching http://ing.cnblogs.com/u/cmt/
21/May/2015 11:40:34,681- Main: new thread starting : Thread-72
21/May/2015 11:40:34,682- Main: fetching http://ing.cnblogs.com/u/cmt/
21/May/2015 11:40:34,704- Main: fetching http://msg.cnblogs.com/msg/send/%e5%8f%b6%e9%a1%b6%e5%a4%a9/
21/May/2015 11:40:34,710- Main: fetching http://ing.cnblogs.com/u/aliyunblogs/
21/May/2015 11:40:34,712- Main: fetching http://group.cnblogs.com/create/
21/May/2015 11:40:34,751- Main: new thread starting : Thread-75
21/May/2015 11:40:34,752- Main: fetching http://group.cnblogs.com/create/
21/May/2015 11:40:34,761- Main: new thread starting : Thread-74
21/May/2015 11:40:34,761- Main: fetching http://ing.cnblogs.com/u/aliyunblogs/
21/May/2015 11:40:34,766- Main: new thread starting : Thread-73
21/May/2015 11:40:34,767- Main: fetching http://msg.cnblogs.com/msg/send/%e5%8f%b6%e9%a1%b6%e5%a4%a9/
21/May/2015 11:40:34,776- Main: fetching http://ing.cnblogs.com/u/itwriter/
21/May/2015 11:40:34,873- Main: fetching http://www.cnblogs.com/ContactUs.aspx
21/May/2015 11:40:34,881- Main: fetching http://ing.cnblogs.com/u/leon-pang/
21/May/2015 11:40:34,925- Main: new thread starting : Thread-83
21/May/2015 11:40:34,926- Main: fetching http://ing.cnblogs.com/u/leon-pang/
21/May/2015 11:40:34,932- Main: new thread starting : Thread-79
21/May/2015 11:40:34,933- Main: fetching http://www.cnblogs.com/ContactUs.aspx
21/May/2015 11:40:34,933- Main: page no content or too big: 2086 @http://www.cnblogs.com/ContactUs.aspx
21/May/2015 11:40:34,933- Main: fetching http://www.cnblogs.com/ad.aspx
21/May/2015 11:40:34,939- Main: new thread starting : Thread-76
21/May/2015 11:40:34,939- Main: fetching http://ing.cnblogs.com/u/itwriter/
21/May/2015 11:40:34,970- Main: new thread starting : Thread-84
21/May/2015 11:40:34,970- Main: fetching http://www.cnblogs.com/ad.aspx
21/May/2015 11:40:34,976- Main: page no content or too big: 2040 @http://www.cnblogs.com/ad.aspx
21/May/2015 11:40:34,979- Main: fetching http://home.cnblogs.com/followees/
21/May/2015 11:40:34,982- Main: page no content or too big: 2086 @http://www.cnblogs.com/ContactUs.aspx
21/May/2015 11:40:35,080- Main: new thread starting : Thread-86
21/May/2015 11:40:35,081- Main: page no content or too big: 2040 @http://www.cnblogs.com/ad.aspx
21/May/2015 11:40:35,082- Main: fetching http://home.cnblogs.com/followees/
21/May/2015 11:40:35,739- Main: fetching http://msg.cnblogs.com/msg/send/%e6%88%91%e6%98%af%e5%8d%b7%e6%af%9b/
21/May/2015 11:40:35,758- Main: fetching http://msg.cnblogs.com/msg/send/_%e8%b6%85%e8%b6%85/
21/May/2015 11:40:35,951- Main: new thread starting : Thread-90
21/May/2015 11:40:35,952- Main: fetching http://msg.cnblogs.com/msg/send/%e6%88%91%e6%98%af%e5%8d%b7%e6%af%9b/
21/May/2015 11:40:35,961- Main: new thread starting : Thread-91
21/May/2015 11:40:35,961- Main: fetching http://msg.cnblogs.com/msg/send/_%e8%b6%85%e8%b6%85/
21/May/2015 11:40:39,764- Main: conn connect error connect timed out
21/May/2015 11:40:39,765- Main: page no content or too big: 39 @http://ing.cnblogs.com/u/aliyunblogs/
21/May/2015 11:40:39,775- Main: conn connect error connect timed out
21/May/2015 11:40:39,776- Main: page no content or too big: 62 @http://msg.cnblogs.com/msg/send/%e5%8f%b6%e9%a1%b6%e5%a4%a9/
21/May/2015 11:40:39,779- Main: conn connect error connect timed out
21/May/2015 11:40:39,780- Main: page no content or too big: 36 @http://ing.cnblogs.com/u/itwriter/
21/May/2015 11:40:39,780- Main: fetching http://q.cnblogs.com/u/itwriter/
21/May/2015 11:40:39,781- Main: new thread starting : Thread-92
21/May/2015 11:40:39,781- Main: fetching http://q.cnblogs.com/u/itwriter/
21/May/2015 11:40:39,826- Main: page no content or too big: 46 @http://msg.cnblogs.com/msg/send/Dragon-wuxl/
21/May/2015 11:40:39,850- Main: page no content or too big: 34 @http://group.cnblogs.com/create/
21/May/2015 11:40:39,851- Main: fetching http://msg.cnblogs.com/msg/send/%e6%88%91%e6%98%af%e4%b8%80%e5%8f%aa%e9%b2%b8%e9%b1%bc/
21/May/2015 11:40:39,852- Main: new thread starting : Thread-93
21/May/2015 11:40:39,855- Main: page no content or too big: 98 @http://msg.cnblogs.com/msg/send/%e9%98%bf%e9%87%8c%e4%ba%91%e5%ae%98%e6%96%b9%e5%8d%9a%e5%ae%a2/
21/May/2015 11:40:39,857- Main: fetching http://msg.cnblogs.com/msg/send/%e6%88%91%e6%98%af%e4%b8%80%e5%8f%aa%e9%b2%b8%e9%b1%bc/
21/May/2015 11:40:39,857- Main: page no content or too big: 62 @http://msg.cnblogs.com/msg/send/%e5%bc%a0%e9%87%91%e6%a3%92/
21/May/2015 11:40:39,858- Main: fetching http://ing.cnblogs.com/u/jin521/
21/May/2015 11:40:39,859- Main: new thread starting : Thread-94
21/May/2015 11:40:39,860- Main: fetching http://ing.cnblogs.com/u/jin521/
21/May/2015 11:40:39,869- Main: fetching http://zzk.cnblogs.com/
21/May/2015 11:40:39,869- Main: new thread starting : Thread-95
21/May/2015 11:40:39,870- Main: fetching http://zzk.cnblogs.com/
21/May/2015 11:40:39,882- Main: page no content or too big: 44 @http://msg.cnblogs.com/msg/send/miketwais/
21/May/2015 11:40:39,883- Main: conn connect error connect timed out
21/May/2015 11:40:39,883- Main: fetching http://ing.cnblogs.com/u/miketwais/
21/May/2015 11:40:39,883- Main: page no content or too big: 37 @http://ing.cnblogs.com/u/leon-pang/
21/May/2015 11:40:39,884- Main: fetching http://q.cnblogs.com/u/leon-pang/
21/May/2015 11:40:39,886- Main: new thread starting : Thread-96
21/May/2015 11:40:39,886- Main: new thread starting : Thread-97
21/May/2015 11:40:39,887- Main: fetching http://q.cnblogs.com/u/leon-pang/
21/May/2015 11:40:39,888- Main: fetching http://ing.cnblogs.com/u/miketwais/
21/May/2015 11:40:39,941- Main: page no content or too big: 2185 @http://zzk.cnblogs.com/
21/May/2015 11:40:39,942- Main: fetching http://feed.cnblogs.com/blog/sitehome/rss
21/May/2015 11:40:39,942- Main: new thread starting : Thread-98
21/May/2015 11:40:39,942- Main: fetching http://feed.cnblogs.com/blog/sitehome/rss
21/May/2015 11:40:39,943- Main: page no content or too big: 31 @http://ing.cnblogs.com/u/cmt/
21/May/2015 11:40:39,943- Main: page no content or too big: 43 @http://msg.cnblogs.com/msg/send/itwriter/
21/May/2015 11:40:39,946- Main: page no content or too big: 62 @http://msg.cnblogs.com/msg/send/%e5%bc%a0%e9%87%91%e6%a3%92/
21/May/2015 11:40:39,948- Main: page no content or too big: 39 @http://ing.cnblogs.com/u/aliyunblogs/
21/May/2015 11:40:39,948- Main: fetching http://q.cnblogs.com/u/aliyunblogs/
21/May/2015 11:40:39,948- Main: new thread starting : Thread-99
21/May/2015 11:40:39,949- Main: fetching http://q.cnblogs.com/u/aliyunblogs/
21/May/2015 11:40:39,949- Main: page no content or too big: 62 @http://msg.cnblogs.com/msg/send/%e5%8f%b6%e9%a1%b6%e5%a4%a9/
21/May/2015 11:40:39,950- Main: fetching http://ing.cnblogs.com/u/wang-lhai-blog/
21/May/2015 11:40:39,952- Main: new thread starting : Thread-100
21/May/2015 11:40:39,952- Main: fetching http://ing.cnblogs.com/u/wang-lhai-blog/
21/May/2015 11:40:39,954- Main: page no content or too big: 2185 @http://zzk.cnblogs.com/
21/May/2015 11:40:40,098- Main: page no content or too big: 36 @http://home.cnblogs.com/followees/
21/May/2015 11:40:40,098- Main: fetching http://home.cnblogs.com/followers/
21/May/2015 11:40:40,124- Main: page no content or too big: 37 @http://ing.cnblogs.com/u/leon-pang/
21/May/2015 11:40:40,250- Main: fetching http://www.cnblogs.com/leon-pang/
21/May/2015 11:40:40,336- Main: fetching http://passport.cnblogs.com/login.aspx?ReturnUrl=http%3a%2f%2fhome.cnblogs.com%2fu%2fleon-pang%2f
21/May/2015 11:40:40,512- Main: page no content or too big: 36 @http://ing.cnblogs.com/u/itwriter/
21/May/2015 11:40:40,513- Main: page no content or too big: 46 @http://msg.cnblogs.com/msg/send/Dragon-wuxl/
21/May/2015 11:40:40,513- Main: page no content or too big: 31 @http://ing.cnblogs.com/u/cmt/
21/May/2015 11:40:40,513- Main: fetching http://ing.cnblogs.com/u/Dragon-wuxl/
21/May/2015 11:40:40,513- Main: fetching http://q.cnblogs.com/u/cmt/
21/May/2015 11:40:40,515- Main: page no content or too big: 34 @http://group.cnblogs.com/create/
21/May/2015 11:40:40,515- Main: page no content or too big: 71 @http://msg.cnblogs.com/msg/send/%e6%af%94%e7%bb%83%e8%b7%91%e9%9f%b3/
21/May/2015 11:40:40,516- Main: fetching http://ing.cnblogs.com/u/billion-points/
21/May/2015 11:40:40,516- Main: page no content or too big: 36 @http://home.cnblogs.com/followees/
21/May/2015 11:40:40,739- Main: fetching http://www.cnblogs.com/itwriter/
21/May/2015 11:40:40,742- Main: conn connect error connect timed out
21/May/2015 11:40:40,742- Main: page no content or too big: 71 @http://msg.cnblogs.com/msg/send/%e6%88%91%e6%98%af%e5%8d%b7%e6%af%9b/
21/May/2015 11:40:40,742- Main: fetching http://ing.cnblogs.com/u/juanyeye/
21/May/2015 11:40:40,761- Main: conn connect error connect timed out
21/May/2015 11:40:40,761- Main: page no content or too big: 54 @http://msg.cnblogs.com/msg/send/_%e8%b6%85%e8%b6%85/
21/May/2015 11:40:40,761- Main: fetching http://ing.cnblogs.com/u/541529/
21/May/2015 11:40:41,019- Main: page no content or too big: 4450 @http://www.cnblogs.com/itwriter/
21/May/2015 11:40:41,019- Main: fetching http://passport.cnblogs.com/login.aspx?ReturnUrl=http%3a%2f%2fhome.cnblogs.com%2fu%2fitwriter%2f
21/May/2015 11:40:41,024- Main: page no content or too big: 54 @http://msg.cnblogs.com/msg/send/_%e8%b6%85%e8%b6%85/
21/May/2015 11:40:41,113- Main: page no content or too big: 71 @http://msg.cnblogs.com/msg/send/%e6%88%91%e6%98%af%e5%8d%b7%e6%af%9b/
21/May/2015 11:40:41,735- Main: fetching http://passport.cnblogs.com/login.aspx?ReturnUrl=http%3a%2f%2fhome.cnblogs.com%2fu%2fcmt%2f
21/May/2015 11:40:44,889- Main: conn connect error connect timed out
21/May/2015 11:40:44,889- Main: page no content or too big: 37 @http://ing.cnblogs.com/u/miketwais/
21/May/2015 11:40:44,913- Main: page no content or too big: 89 @http://msg.cnblogs.com/msg/send/%e6%88%91%e6%98%af%e4%b8%80%e5%8f%aa%e9%b2%b8%e9%b1%bc/
21/May/2015 11:40:44,914- Main: fetching http://ing.cnblogs.com/u/lliuliuquan/
21/May/2015 11:40:44,925- Main: page no content or too big: 34 @http://ing.cnblogs.com/u/jin521/
21/May/2015 11:40:44,935- Main: page no content or too big: 89 @http://msg.cnblogs.com/msg/send/%e6%88%91%e6%98%af%e4%b8%80%e5%8f%aa%e9%b2%b8%e9%b1%bc/
21/May/2015 11:40:44,935- Main: page no content or too big: 34 @http://ing.cnblogs.com/u/jin521/
21/May/2015 11:40:44,936- Main: fetching http://q.cnblogs.com/u/jin521/
21/May/2015 11:40:44,944- Main: conn connect error connect timed out
21/May/2015 11:40:44,945- Main: page no content or too big: 43 @http://feed.cnblogs.com/blog/sitehome/rss
21/May/2015 11:40:44,945- Main: conn connect error connect timed out
21/May/2015 11:40:44,945- Main: fetching http://www.cnblogs.com/skylar/p/browser-http-caching.html
21/May/2015 11:40:44,945- Main: page no content or too big: 43 @http://feed.cnblogs.com/blog/sitehome/rss
21/May/2015 11:40:44,950- Main: conn connect error connect timed out
21/May/2015 11:40:44,950- Main: page no content or too big: 37 @http://q.cnblogs.com/u/aliyunblogs/
21/May/2015 11:40:44,950- Main: fetching http://www.cnblogs.com/aliyunblogs/
21/May/2015 11:40:44,952- Main: conn connect error connect timed out
21/May/2015 11:40:44,953- Main: page no content or too big: 42 @http://ing.cnblogs.com/u/wang-lhai-blog/
21/May/2015 11:40:44,953- Main: fetching http://q.cnblogs.com/u/wang-lhai-blog/
21/May/2015 11:40:44,953- Main: conn connect error connect timed out
21/May/2015 11:40:44,953- Main: page no content or too big: 37 @http://q.cnblogs.com/u/aliyunblogs/
21/May/2015 11:40:44,954- Main: conn connect error connect timed out
21/May/2015 11:40:44,954- Main: page no content or too big: 42 @http://ing.cnblogs.com/u/wang-lhai-blog/
21/May/2015 11:40:44,962- Main: page no content or too big: 37 @http://ing.cnblogs.com/u/miketwais/
21/May/2015 11:40:44,962- Main: fetching http://q.cnblogs.com/u/miketwais/
21/May/2015 11:40:45,046- Main: fetching http://www.cnblogs.com/xiadao521/p/4518516.html
21/May/2015 11:40:45,055- Main: fetching http://www.cnblogs.com/jin521/
21/May/2015 11:40:45,081- Main: fetching http://www.cnblogs.com/miketwais/
21/May/2015 11:40:45,100- Main: fetching http://www.cnblogs.com/liulun/p/4516625.html
21/May/2015 11:40:45,117- Main: fetching http://passport.cnblogs.com/login.aspx?ReturnUrl=http%3a%2f%2fhome.cnblogs.com%2fu%2faliyunblogs%2f
21/May/2015 11:40:45,149- Main: fetching http://news.cnblogs.com/n/521506/
21/May/2015 11:40:45,169- Main: fetching http://passport.cnblogs.com/login.aspx?ReturnUrl=http%3a%2f%2fhome.cnblogs.com%2fu%2fjin521%2f
21/May/2015 11:40:45,179- Main: fetching http://passport.cnblogs.com/login.aspx?ReturnUrl=http%3a%2f%2fhome.cnblogs.com%2fu%2fmiketwais%2f
21/May/2015 11:40:45,222- Main: fetching http://www.cnblogs.com/wang-lhai-blog/
21/May/2015 11:40:45,288- Main: fetching http://news.cnblogs.com/n/521529/
21/May/2015 11:40:45,291- Main: page no content or too big: 4344 @http://www.cnblogs.com/wang-lhai-blog/
21/May/2015 11:40:45,291- Main: fetching http://passport.cnblogs.com/login.aspx?ReturnUrl=http%3a%2f%2fhome.cnblogs.com%2fu%2fwang-lhai-blog%2f
21/May/2015 11:40:45,336- Main: fetching http://q.cnblogs.com/u/lliuliuquan/
21/May/2015 11:40:45,336- Main: page no content or too big: 36 @http://home.cnblogs.com/followers/
21/May/2015 11:40:45,336- Main: fetching http://home.cnblogs.com/feed/all/
21/May/2015 11:40:45,338- Main: conn connect error connect timed out
21/May/2015 11:40:45,339- Main: page no content or too big: 99 @http://passport.cnblogs.com/login.aspx?ReturnUrl=http%3a%2f%2fhome.cnblogs.com%2fu%2fleon-pang%2f
21/May/2015 11:40:45,339- Main: fetching http://passport.cnblogs.com/register.aspx?ReturnUrl=http%3a%2f%2fhome.cnblogs.com%2fu%2fleon-pang%2f
21/May/2015 11:40:45,385- Main: fetching http://news.cnblogs.com/n/recommend
21/May/2015 11:40:45,399- Main: fetching http://www.cnblogs.com/xishuai/admin/EditPosts.aspx?opt=1
21/May/2015 11:40:45,504- Main: fetching http://passport.cnblogs.com/register.aspx?ReturnUrl=http%3a%2f%2fhome.cnblogs.com%2fu%2faliyunblogs%2f
21/May/2015 11:40:45,515- Main: conn connect error connect timed out
21/May/2015 11:40:45,515- Main: page no content or too big: 39 @http://ing.cnblogs.com/u/Dragon-wuxl/
21/May/2015 11:40:45,515- Main: fetching http://q.cnblogs.com/u/Dragon-wuxl/
21/May/2015 11:40:45,517- Main: conn connect error connect timed out
21/May/2015 11:40:45,517- Main: page no content or too big: 42 @http://ing.cnblogs.com/u/billion-points/
21/May/2015 11:40:45,517- Main: fetching http://q.cnblogs.com/u/billion-points/
21/May/2015 11:40:45,538- Main: fetching http://passport.cnblogs.com/register.aspx?ReturnUrl=http%3a%2f%2fhome.cnblogs.com%2fu%2fjin521%2f
21/May/2015 11:40:45,540- Main: fetching http://passport.cnblogs.com/register.aspx?ReturnUrl=http%3a%2f%2fhome.cnblogs.com%2fu%2fmiketwais%2f
21/May/2015 11:40:45,552- Main: fetching http://www.cnblogs.com/lliuliuquan/
21/May/2015 11:40:45,586- Main: fetching http://space.cnblogs.com/forum/ideas/newpost
21/May/2015 11:40:45,620- Main: fetching http://passport.cnblogs.com/login.aspx?ReturnUrl=http%3a%2f%2fhome.cnblogs.com%2fu%2flliuliuquan%2f
21/May/2015 11:40:45,630- Main: fetching http://www.cnblogs.com/Dragon-wuxl/
21/May/2015 11:40:45,630- Main: fetching http://www.cnblogs.com/billion-points/
21/May/2015 11:40:45,630- Main: fetching http://www.cnblogs.com/ouysq/p/4519261.html
21/May/2015 11:40:45,679- Main: fetching http://passport.cnblogs.com/register.aspx?ReturnUrl=http%3a%2f%2fhome.cnblogs.com%2fu%2fwang-lhai-blog%2f
21/May/2015 11:40:45,694- Main: fetching http://www.cnblogs.com/ouysq/
21/May/2015 11:40:45,696- Main: page no content or too big: 3718 @http://www.cnblogs.com/billion-points/
21/May/2015 11:40:45,697- Main: fetching http://passport.cnblogs.com/login.aspx?ReturnUrl=http%3a%2f%2fhome.cnblogs.com%2fu%2fbillion-points%2f
21/May/2015 11:40:45,743- Main: conn connect error connect timed out
21/May/2015 11:40:45,743- Main: page no content or too big: 36 @http://ing.cnblogs.com/u/juanyeye/
21/May/2015 11:40:45,743- Main: fetching http://q.cnblogs.com/u/juanyeye/
21/May/2015 11:40:45,855- Main: page no content or too big: 34 @http://ing.cnblogs.com/u/541529/
21/May/2015 11:40:45,856- Main: fetching http://q.cnblogs.com/u/541529/
21/May/2015 11:40:46,197- Main: page no content or too big: 98 @http://passport.cnblogs.com/login.aspx?ReturnUrl=http%3a%2f%2fhome.cnblogs.com%2fu%2fitwriter%2f
21/May/2015 11:40:46,198- Main: fetching http://passport.cnblogs.com/register.aspx?ReturnUrl=http%3a%2f%2fhome.cnblogs.com%2fu%2fitwriter%2f
21/May/2015 11:40:46,902- Main: page no content or too big: 93 @http://passport.cnblogs.com/login.aspx?ReturnUrl=http%3a%2f%2fhome.cnblogs.com%2fu%2fcmt%2f
21/May/2015 11:40:46,904- Main: fetching http://passport.cnblogs.com/register.aspx?ReturnUrl=http%3a%2f%2fhome.cnblogs.com%2fu%2fcmt%2f
21/May/2015 12:18:07,930- Main: Start at :: Thu May 21 12:18:07 CST 2015
21/May/2015 12:18:07,946- Main: load url-done list done 115 loaded
21/May/2015 12:18:07,955- Main: new thread resumed: 2
21/May/2015 12:18:07,969- Main: new thread starting : Thread-1
21/May/2015 12:18:07,969- Main: fetching http://news.cnblogs.com/
21/May/2015 12:18:07,974- Main: new thread starting : Thread-2
21/May/2015 12:18:07,974- Main: fetching http://www.cnblogs.com/
21/May/2015 12:18:08,772- Main: fetching http://www.cnblogs.com/ty408/p/4516851.html
21/May/2015 12:18:08,775- Main: new thread starting : Thread-5
21/May/2015 12:18:08,775- Main: fetching http://www.cnblogs.com/ty408/p/4516851.html
21/May/2015 12:18:08,916- Main: fetching http://news.cnblogs.com/n/521542/
21/May/2015 12:18:08,917- Main: new thread starting : Thread-6
21/May/2015 12:18:08,917- Main: fetching http://news.cnblogs.com/n/521542/
21/May/2015 12:18:08,994- Main: fetching http://www.cnblogs.com/chenmoit/p/4519362.html
21/May/2015 12:18:08,996- Main: new thread starting : Thread-8
21/May/2015 12:18:08,996- Main: fetching http://www.cnblogs.com/chenmoit/p/4519362.html
21/May/2015 12:18:09,057- Main: fetching http://www.cnblogs.com/chenmoit/
21/May/2015 12:18:09,113- Main: new thread starting : Thread-10
21/May/2015 12:18:09,113- Main: fetching http://www.cnblogs.com/chenmoit/
21/May/2015 12:18:09,135- Main: fetching http://www.cnblogs.com/chenmoit/p/4519362.html#commentform
21/May/2015 12:18:09,177- Main: fetching http://home.cnblogs.com/u/34358/
21/May/2015 12:18:09,198- Main: fetching http://www.cnblogs.com/VolcanoCloud/p/4516011.html
21/May/2015 12:18:09,208- Main: new thread starting : Thread-12
21/May/2015 12:18:09,209- Main: fetching http://www.cnblogs.com/chenmoit/p/4519362.html#commentform
21/May/2015 12:18:09,216- Main: new thread starting : Thread-13
21/May/2015 12:18:09,217- Main: fetching http://home.cnblogs.com/u/34358/
21/May/2015 12:18:09,243- Main: fetching http://space.cnblogs.com/msg/send/Charlie+Jin
21/May/2015 12:18:09,256- Main: new thread starting : Thread-15
21/May/2015 12:18:09,257- Main: fetching http://www.cnblogs.com/VolcanoCloud/p/4516011.html
21/May/2015 12:18:09,260- Main: new thread starting : Thread-16
21/May/2015 12:18:09,261- Main: fetching http://space.cnblogs.com/msg/send/Charlie+Jin
21/May/2015 12:18:09,351- Main: fetching http://www.cnblogs.com/VolcanoCloud/
21/May/2015 12:18:09,567- Main: fetching http://www.cnblogs.com/VolcanoCloud/p/4516011.html#commentform
21/May/2015 12:18:09,577- Main: new thread starting : Thread-18
21/May/2015 12:18:09,578- Main: fetching http://www.cnblogs.com/VolcanoCloud/
21/May/2015 12:18:09,597- Main: fetching http://www.cnblogs.com/chenmoit/p/4362654.html
21/May/2015 12:18:09,653- Main: fetching http://www.cnblogs.com/woodytu/p/4518969.html
21/May/2015 12:18:09,700- Main: fetching http://i.cnblogs.com/EditPosts.aspx?postid=4362654
21/May/2015 12:18:09,707- Main: fetching http://www.cnblogs.com/woodytu/
21/May/2015 12:18:09,757- Main: new thread starting : Thread-26
21/May/2015 12:18:09,843- Main: fetching http://www.cnblogs.com/woodytu/
21/May/2015 12:18:09,837- Main: new thread starting : Thread-21
21/May/2015 12:18:09,844- Main: fetching http://www.cnblogs.com/VolcanoCloud/p/4516011.html#commentform
21/May/2015 12:18:09,845- Main: fetching http://www.cnblogs.com/woodytu/p/4518969.html#commentform
21/May/2015 12:18:09,836- Main: new thread starting : Thread-22
21/May/2015 12:18:09,846- Main: fetching http://www.cnblogs.com/chenmoit/p/4362654.html
21/May/2015 12:18:09,835- Main: new thread starting : Thread-25
21/May/2015 12:18:09,846- Main: fetching http://msg.cnblogs.com/msg/inbox
21/May/2015 12:18:09,846- Main: fetching http://i.cnblogs.com/EditPosts.aspx?postid=4362654
21/May/2015 12:18:09,836- Main: new thread starting : Thread-23
21/May/2015 12:18:09,849- Main: fetching http://www.cnblogs.com/woodytu/p/4518969.html
21/May/2015 12:18:09,897- Main: fetching http://www.cnblogs.com/ym123/p/4519030.html
21/May/2015 12:18:09,953- Main: fetching http://www.cnblogs.com/ym123/
21/May/2015 12:18:09,959- Main: fetching http://www.cnblogs.com/chenmoit/rss
21/May/2015 12:18:10,051- Main: fetching http://www.cnblogs.com/ym123/p/4519030.html#commentform
21/May/2015 12:18:10,105- Main: fetching http://www.cnblogs.com/muker715/p/4519012.html
21/May/2015 12:18:10,121- Main: fetching http://www.cnblogs.com/VolcanoCloud/p/4475119.html%20
21/May/2015 12:18:10,137- Main: fetching http://space.cnblogs.com/msg/send/china_fucan
21/May/2015 12:18:10,144- Main: new thread starting : Thread-27
21/May/2015 12:18:10,144- Main: fetching http://www.cnblogs.com/woodytu/p/4518969.html#commentform
21/May/2015 12:18:10,167- Main: fetching http://www.cnblogs.com/muker715/
21/May/2015 12:18:10,166- Main: page no content or too big: 37 @http://www.cnblogs.com/chenmoit/rss
21/May/2015 12:18:10,169- Main: fetching http://i.cnblogs.com/EditPosts.aspx?postid=4519362
21/May/2015 12:18:10,227- Main: fetching http://www.cnblogs.com/muker715/p/4519012.html#commentform
21/May/2015 12:18:10,246- Main: new thread starting : Thread-28
21/May/2015 12:18:10,246- Main: fetching http://msg.cnblogs.com/msg/inbox
21/May/2015 12:18:10,284- Main: fetching http://www.cnblogs.com/jianjianwoshi/p/4506268.html
21/May/2015 12:18:10,319- Main: new thread starting : Thread-29
21/May/2015 12:18:10,320- Main: fetching http://www.cnblogs.com/ym123/p/4519030.html
21/May/2015 12:18:10,322- Main: fetching http://group.cnblogs.com/newpost/
21/May/2015 12:18:10,327- Main: fetching http://www.cnblogs.com/chenmoit/p/3561922.html
21/May/2015 12:18:10,338- Main: fetching http://www.cnblogs.com/jianjianwoshi/
21/May/2015 12:18:10,404- Main: fetching http://www.cnblogs.com/jianjianwoshi/p/4506268.html#commentform
21/May/2015 12:18:10,425- Main: fetching http://i.cnblogs.com/EditPosts.aspx?postid=3561922
21/May/2015 12:18:10,441- Main: fetching http://www.cnblogs.com/woodytu/p/4496529.html
21/May/2015 12:18:10,458- Main: new thread starting : Thread-31
21/May/2015 12:18:10,459- Main: fetching http://www.cnblogs.com/ym123/
21/May/2015 12:18:10,460- Main: fetching http://www.cnblogs.com/TomXu/p/4496445.html
21/May/2015 12:18:10,490- Main: new thread starting : Thread-32
21/May/2015 12:18:10,490- Main: fetching http://www.cnblogs.com/chenmoit/rss
21/May/2015 12:18:10,553- Main: new thread starting : Thread-54
21/May/2015 12:18:10,553- Main: fetching http://www.cnblogs.com/TomXu/p/4496445.html
21/May/2015 12:18:10,553- Main: fetching http://i.cnblogs.com/EditPosts.aspx?postid=4496529
21/May/2015 12:18:10,554- Main: new thread starting : Thread-53
21/May/2015 12:18:10,554- Main: fetching http://www.cnblogs.com/woodytu/p/4496529.html
21/May/2015 12:18:10,556- Main: new thread starting : Thread-52
21/May/2015 12:18:10,557- Main: fetching http://i.cnblogs.com/EditPosts.aspx?postid=3561922
21/May/2015 12:18:10,558- Main: new thread starting : Thread-51
21/May/2015 12:18:10,559- Main: fetching http://www.cnblogs.com/jianjianwoshi/p/4506268.html#commentform
21/May/2015 12:18:10,560- Main: fetching http://www.cnblogs.com/TomXu/
21/May/2015 12:18:10,560- Main: new thread starting : Thread-49
21/May/2015 12:18:10,560- Main: fetching http://www.cnblogs.com/jianjianwoshi/
21/May/2015 12:18:10,561- Main: new thread starting : Thread-48
21/May/2015 12:18:10,561- Main: new thread starting : Thread-47
21/May/2015 12:18:10,561- Main: fetching http://www.cnblogs.com/chenmoit/p/3561922.html
21/May/2015 12:18:10,561- Main: fetching http://group.cnblogs.com/newpost/
21/May/2015 12:18:10,562- Main: new thread starting : Thread-46
21/May/2015 12:18:10,563- Main: fetching http://www.cnblogs.com/jianjianwoshi/p/4506268.html
21/May/2015 12:18:10,565- Main: new thread starting : Thread-43
21/May/2015 12:18:10,565- Main: fetching http://www.cnblogs.com/muker715/p/4519012.html#commentform
21/May/2015 12:18:10,566- Main: new thread starting : Thread-42
21/May/2015 12:18:10,566- Main: fetching http://i.cnblogs.com/EditPosts.aspx?postid=4519362
21/May/2015 12:18:10,566- Main: new thread starting : Thread-41
21/May/2015 12:18:10,567- Main: fetching http://www.cnblogs.com/muker715/
21/May/2015 12:18:10,567- Main: new thread starting : Thread-40
21/May/2015 12:18:10,567- Main: fetching http://space.cnblogs.com/msg/send/china_fucan
21/May/2015 12:18:10,568- Main: new thread starting : Thread-39
21/May/2015 12:18:10,568- Main: fetching http://www.cnblogs.com/VolcanoCloud/p/4475119.html%20
21/May/2015 12:18:10,569- Main: new thread starting : Thread-38
21/May/2015 12:18:10,569- Main: fetching http://www.cnblogs.com/muker715/p/4519012.html
21/May/2015 12:18:10,569- Main: new thread starting : Thread-37
21/May/2015 12:18:10,570- Main: fetching http://www.cnblogs.com/ym123/p/4519030.html#commentform
21/May/2015 12:18:10,623- Main: fetching http://www.cnblogs.com/TomXu/p/4496445.html#commentform
21/May/2015 12:18:10,659- Main: page no content or too big: 37 @http://www.cnblogs.com/chenmoit/rss
21/May/2015 12:18:10,836- Main: new thread starting : Thread-55
21/May/2015 12:18:10,836- Main: fetching http://i.cnblogs.com/EditPosts.aspx?postid=4496529
21/May/2015 12:18:11,016- Main: fetching http://space.cnblogs.com/msg/send/%e5%85%a8%e6%a0%88%e5%b7%a5%e7%a8%8b%e7%8b%ae
21/May/2015 12:18:11,092- Main: fetching http://www.cnblogs.com/ym123/p/4324335.html
21/May/2015 12:18:11,127- Main: new thread starting : Thread-80
21/May/2015 12:18:11,128- Main: fetching http://www.cnblogs.com/ym123/p/4324335.html
21/May/2015 12:18:11,131- Main: new thread starting : Thread-78
21/May/2015 12:18:11,132- Main: fetching http://space.cnblogs.com/msg/send/%e5%85%a8%e6%a0%88%e5%b7%a5%e7%a8%8b%e7%8b%ae
21/May/2015 12:18:11,172- Main: new thread starting : Thread-74
21/May/2015 12:18:11,173- Main: fetching http://www.cnblogs.com/woodytu/p/4484328.html
21/May/2015 12:18:11,174- Main: new thread starting : Thread-75
21/May/2015 12:18:11,174- Main: new thread starting : Thread-73
21/May/2015 12:18:11,174- Main: fetching http://www.cnblogs.com/chenmoit/p/mnzj_2013.html
21/May/2015 12:18:11,175- Main: fetching http://news.cnblogs.com/n/publish
21/May/2015 12:18:11,176- Main: new thread starting : Thread-68
21/May/2015 12:18:11,176- Main: new thread starting : Thread-70
21/May/2015 12:18:11,176- Main: fetching http://www.cnblogs.com/miro/p/4518811.html
21/May/2015 12:18:11,177- Main: fetching http://www.cnblogs.com/VolcanoCloud/rss
21/May/2015 12:18:11,181- Main: new thread starting : Thread-58
21/May/2015 12:18:11,184- Main: fetching http://www.cnblogs.com/TomXu/p/4496445.html#commentform
21/May/2015 12:18:11,185- Main: new thread starting : Thread-57
21/May/2015 12:18:11,185- Main: fetching http://www.cnblogs.com/TomXu/
21/May/2015 12:18:11,584- Main: new thread starting : Thread-83
21/May/2015 12:18:11,586- Main: fetching http://i.cnblogs.com/EditPosts.aspx?postid=4324335
21/May/2015 12:18:11,603- Main: page no content or too big: 41 @http://www.cnblogs.com/VolcanoCloud/rss
21/May/2015 12:18:11,642- Main: new thread starting : Thread-91
21/May/2015 12:18:11,642- Main: fetching http://space.cnblogs.com/msg/send/beggarWang
21/May/2015 12:18:11,642- Main: new thread starting : Thread-94
21/May/2015 12:18:11,647- Main: fetching http://www.cnblogs.com/ym123/rss
21/May/2015 12:18:11,659- Main: new thread starting : Thread-86
21/May/2015 12:18:11,659- Main: fetching http://www.cnblogs.com/muker715/p/4297184.html
21/May/2015 12:18:11,690- Main: new thread starting : Thread-95
21/May/2015 12:18:11,690- Main: fetching http://www.cnblogs.com/TomXu/admin/EditPosts.aspx
21/May/2015 12:18:11,913- Main: new thread starting : Thread-92
21/May/2015 12:18:11,913- Main: fetching http://www.cnblogs.com/jianjianwoshi/p/4392452.html
21/May/2015 12:18:12,339- Main: new thread starting : Thread-98
21/May/2015 12:18:12,340- Main: fetching http://space.cnblogs.com/msg/send/MiroYuan
21/May/2015 12:18:12,406- Main: page no content or too big: 34 @http://www.cnblogs.com/ym123/rss
21/May/2015 12:18:12,639- Main: new thread starting : Thread-99
21/May/2015 12:18:12,639- Main: fetching http://www.cnblogs.com/woodytu/p/4487310.html
21/May/2015 18:57:55,139- Main: Start at :: Thu May 21 18:57:55 CST 2015
21/May/2015 18:57:55,142- Main: load url-done list done 0 loaded
21/May/2015 18:57:55,145- Main: new thread starting : Thread-1
21/May/2015 18:57:55,145- Main: fetching http://news.cnblogs.com/
21/May/2015 18:57:55,145- Main: new thread resumed: 2
21/May/2015 18:57:55,145- Main: new thread starting : Thread-2
21/May/2015 18:57:55,145- Main: fetching http://www.cnblogs.com/
21/May/2015 18:57:55,887- Main: fetching http://www.cnblogs.com
21/May/2015 18:57:55,887- Main: new thread starting : Thread-4
21/May/2015 18:57:55,887- Main: fetching http://www.cnblogs.com
21/May/2015 18:58:05,257- Main: page no content or too big: 25 @http://www.cnblogs.com/
21/May/2015 18:58:05,946- Main: page no content or too big: 24 @http://www.cnblogs.com
21/May/2015 18:58:05,949- Main: page no content or too big: 24 @http://www.cnblogs.com
21/May/2015 18:58:05,949- Main: fetching http://zzk.cnblogs.com/
21/May/2015 18:58:05,950- Main: new thread starting : Thread-5
21/May/2015 18:58:05,950- Main: fetching http://zzk.cnblogs.com/
21/May/2015 18:58:06,196- Main: page no content or too big: 2286 @http://zzk.cnblogs.com/
21/May/2015 18:58:06,196- Main: page no content or too big: 2286 @http://zzk.cnblogs.com/
21/May/2015 18:58:06,196- Main: fetching http://space.cnblogs.com/forum/public
21/May/2015 18:58:06,196- Main: new thread starting : Thread-6
21/May/2015 18:58:06,196- Main: fetching http://space.cnblogs.com/forum/public
21/May/2015 18:58:06,575- Main: fetching http://home.cnblogs.com
21/May/2015 18:58:06,587- Main: new thread starting : Thread-8
21/May/2015 18:58:06,591- Main: fetching http://home.cnblogs.com
21/May/2015 18:58:06,657- Main: fetching http://news.cnblogs.com/
21/May/2015 18:58:06,660- Main: new thread starting : Thread-9
21/May/2015 18:58:06,660- Main: fetching http://news.cnblogs.com/
21/May/2015 18:58:06,757- Main: fetching http://q.cnblogs.com/
21/May/2015 18:58:06,758- Main: new thread starting : Thread-11
21/May/2015 18:58:06,759- Main: fetching http://q.cnblogs.com/
21/May/2015 18:58:06,776- Main: fetching http://ing.cnblogs.com/
21/May/2015 18:58:06,776- Main: new thread starting : Thread-12
21/May/2015 18:58:06,776- Main: fetching http://ing.cnblogs.com/
21/May/2015 18:58:07,424- Main: fetching http://home.cnblogs.com/ing/
21/May/2015 18:58:07,424- Main: new thread starting : Thread-13
21/May/2015 18:58:07,425- Main: fetching http://home.cnblogs.com/ing/
21/May/2015 18:58:07,448- Main: fetching http://job.cnblogs.com/
21/May/2015 18:58:07,452- Main: new thread starting : Thread-14
21/May/2015 18:58:07,453- Main: fetching http://job.cnblogs.com/
21/May/2015 18:58:07,654- Main: fetching http://home.cnblogs.com/wz/
21/May/2015 18:58:07,658- Main: new thread starting : Thread-18
21/May/2015 18:58:07,659- Main: fetching http://home.cnblogs.com/wz/
21/May/2015 18:58:07,870- Main: fetching http://kb.cnblogs.com/
21/May/2015 18:58:07,873- Main: new thread starting : Thread-21
21/May/2015 18:58:07,874- Main: fetching http://kb.cnblogs.com/
21/May/2015 18:58:07,918- Main: fetching http://i.cnblogs.com/
21/May/2015 18:58:07,928- Main: fetching http://home.cnblogs.com/job/myresume/
21/May/2015 18:58:07,932- Main: new thread starting : Thread-22
21/May/2015 18:58:07,932- Main: fetching http://i.cnblogs.com/
21/May/2015 18:58:07,935- Main: new thread starting : Thread-23
21/May/2015 18:58:07,936- Main: fetching http://home.cnblogs.com/job/myresume/
21/May/2015 18:58:08,294- Main: fetching http://home.cnblogs.com/
21/May/2015 18:58:08,298- Main: new thread starting : Thread-25
21/May/2015 18:58:08,298- Main: fetching http://home.cnblogs.com/
21/May/2015 18:58:08,312- Main: fetching http://q.cnblogs.com
21/May/2015 18:58:08,313- Main: new thread starting : Thread-26
21/May/2015 18:58:08,314- Main: fetching http://q.cnblogs.com
21/May/2015 18:58:08,426- Main: fetching http://home.cnblogs.com/followees/
21/May/2015 18:58:08,428- Main: new thread starting : Thread-27
21/May/2015 18:58:08,428- Main: fetching http://home.cnblogs.com/followees/
21/May/2015 18:58:08,669- Main: fetching http://www.cnblogs.com/skylar/p/browser-http-caching.html
21/May/2015 18:58:08,670- Main: new thread starting : Thread-30
21/May/2015 18:58:08,670- Main: fetching http://www.cnblogs.com/skylar/p/browser-http-caching.html
21/May/2015 18:58:08,674- Main: fetching http://home.cnblogs.com/job/myapply/
21/May/2015 18:58:08,676- Main: new thread starting : Thread-32
21/May/2015 18:58:08,676- Main: fetching http://home.cnblogs.com/job/myapply/
21/May/2015 18:58:08,704- Main: fetching http://job.cnblogs.com
21/May/2015 18:58:08,708- Main: new thread starting : Thread-33
21/May/2015 18:58:08,709- Main: fetching http://job.cnblogs.com
21/May/2015 18:58:08,737- Main: fetching http://group.cnblogs.com/newpost/
21/May/2015 18:58:08,742- Main: new thread starting : Thread-34
21/May/2015 18:58:08,742- Main: fetching http://group.cnblogs.com/newpost/
21/May/2015 18:58:09,040- Main: fetching http://kb.cnblogs.com
21/May/2015 18:58:09,044- Main: new thread starting : Thread-38
21/May/2015 18:58:09,044- Main: fetching http://kb.cnblogs.com
21/May/2015 18:58:09,048- Main: fetching http://home.cnblogs.com/followers/
21/May/2015 18:58:09,083- Main: new thread starting : Thread-40
21/May/2015 18:58:09,084- Main: fetching http://home.cnblogs.com/followers/
21/May/2015 18:58:09,215- Main: fetching http://job.cnblogs.com/offer/46104/
21/May/2015 18:58:09,217- Main: new thread starting : Thread-41
21/May/2015 18:58:09,217- Main: fetching http://job.cnblogs.com/offer/46104/
21/May/2015 18:58:09,251- Main: fetching http://group.cnblogs.com/
21/May/2015 18:58:09,253- Main: new thread starting : Thread-42
21/May/2015 18:58:09,254- Main: fetching http://group.cnblogs.com/
21/May/2015 18:58:09,354- Main: fetching http://news.cnblogs.com
21/May/2015 18:58:09,355- Main: new thread starting : Thread-44
21/May/2015 18:58:09,358- Main: fetching http://news.cnblogs.com
21/May/2015 18:58:09,466- Main: fetching http://www.cnblogs.com/KnightsWarrior/p/HireDotNETDeveloper.html
21/May/2015 18:58:09,466- Main: new thread starting : Thread-47
21/May/2015 18:58:09,466- Main: fetching http://www.cnblogs.com/KnightsWarrior/p/HireDotNETDeveloper.html
21/May/2015 18:58:14,466- Main: conn connect error connect timed out
21/May/2015 18:58:14,467- Main: page no content or too big: 66 @http://www.cnblogs.com/KnightsWarrior/p/HireDotNETDeveloper.html
21/May/2015 18:58:14,467- Main: fetching http://job.cnblogs.com/offer/46159/
21/May/2015 18:58:14,468- Main: new thread starting : Thread-49
21/May/2015 18:58:14,469- Main: fetching http://job.cnblogs.com/offer/46159/
21/May/2015 18:58:14,627- Main: fetching http://home.cnblogs.com/feed/all/
21/May/2015 18:58:14,628- Main: new thread starting : Thread-51
21/May/2015 18:58:14,629- Main: fetching http://home.cnblogs.com/feed/all/
21/May/2015 18:58:14,637- Main: fetching http://home.cnblogs.com/u/639531/
21/May/2015 18:58:14,643- Main: new thread starting : Thread-52
21/May/2015 18:58:14,643- Main: fetching http://home.cnblogs.com/u/639531/
21/May/2015 18:58:14,655- Main: fetching http://home.cnblogs.com/u/mmdsnb/
21/May/2015 18:58:14,655- Main: new thread starting : Thread-53
21/May/2015 18:58:14,657- Main: fetching http://home.cnblogs.com/u/mmdsnb/
21/May/2015 18:58:14,758- Main: fetching http://wz.cnblogs.com/
21/May/2015 18:58:14,760- Main: new thread starting : Thread-55
21/May/2015 18:58:14,760- Main: fetching http://wz.cnblogs.com/
21/May/2015 18:58:14,779- Main: fetching http://msg.cnblogs.com/msg/inbox
21/May/2015 18:58:14,810- Main: new thread starting : Thread-58
21/May/2015 18:58:14,810- Main: fetching http://msg.cnblogs.com/msg/inbox
21/May/2015 18:58:14,828- Main: fetching http://home.cnblogs.com/u/cmt/
21/May/2015 18:58:14,829- Main: new thread starting : Thread-59
21/May/2015 18:58:14,830- Main: fetching http://home.cnblogs.com/u/cmt/
21/May/2015 18:58:14,839- Main: page no content or too big: 35 @http://home.cnblogs.com/u/639531/
21/May/2015 18:58:14,841- Main: page no content or too big: 35 @http://home.cnblogs.com/u/639531/
21/May/2015 18:58:15,021- Main: fetching http://home.cnblogs.com/u/598137/
21/May/2015 18:58:15,023- Main: new thread starting : Thread-62
21/May/2015 18:58:15,023- Main: fetching http://home.cnblogs.com/u/598137/
21/May/2015 18:58:15,187- Main: new thread starting : Thread-64
21/May/2015 18:58:15,187- Main: fetching http://home.cnblogs.com/u/hanyingme/
21/May/2015 18:58:15,231- Main: new thread starting : Thread-65
21/May/2015 18:58:15,231- Main: fetching http://msg.cnblogs.com/msg/send/%e9%bb%84%e9%be%99%e4%ba%91%e9%94%a6/
21/May/2015 18:58:15,325- Main: new thread starting : Thread-66
21/May/2015 18:58:15,325- Main: fetching http://group.cnblogs.com/forum/public/
21/May/2015 18:58:15,362- Main: new thread starting : Thread-69
21/May/2015 18:58:15,362- Main: fetching http://msg.cnblogs.com/msg/send/hanyingme/
21/May/2015 18:58:15,546- Main: new thread starting : Thread-72
21/May/2015 18:58:15,547- Main: fetching http://www.cnblogs.com/xishuai/admin/EditPosts.aspx?opt=1
21/May/2015 18:58:17,215- Main: new thread starting : Thread-76
21/May/2015 18:58:17,215- Main: fetching http://home.cnblogs.com/u/itwriter/
21/May/2015 18:58:17,525- Main: new thread starting : Thread-78
21/May/2015 18:58:17,525- Main: fetching http://msg.cnblogs.com/msg/send/itwriter/
21/May/2015 18:58:18,740- Main: page no content or too big: 59 @http://www.cnblogs.com/skylar/p/browser-http-caching.html
21/May/2015 18:58:18,740- Main: fetching http://www.cnblogs.com/TomXu/p/4496423.html
21/May/2015 18:58:18,740- Main: page no content or too big: 59 @http://www.cnblogs.com/skylar/p/browser-http-caching.html
21/May/2015 18:58:18,741- Main: new thread starting : Thread-81
21/May/2015 18:58:18,741- Main: fetching http://www.cnblogs.com/TomXu/p/4496423.html
21/May/2015 18:58:24,006- Main: page no content or too big: 66 @http://www.cnblogs.com/KnightsWarrior/p/HireDotNETDeveloper.html
21/May/2015 18:58:28,806- Main: page no content or too big: 45 @http://www.cnblogs.com/TomXu/p/4496423.html
21/May/2015 18:58:28,806- Main: page no content or too big: 45 @http://www.cnblogs.com/TomXu/p/4496423.html
21/May/2015 18:58:28,806- Main: fetching http://www.cnblogs.com/yanweidie/p/4452526.html
21/May/2015 18:58:28,806- Main: new thread starting : Thread-82
21/May/2015 18:58:28,806- Main: fetching http://www.cnblogs.com/yanweidie/p/4452526.html
21/May/2015 18:58:39,228- Main: page no content or too big: 49 @http://www.cnblogs.com/yanweidie/p/4452526.html
21/May/2015 18:58:39,555- Main: page no content or too big: 49 @http://www.cnblogs.com/yanweidie/p/4452526.html
21/May/2015 18:58:39,556- Main: fetching http://www.cnblogs.com/huang0925/p/4505455.html
21/May/2015 18:58:39,556- Main: new thread starting : Thread-83
21/May/2015 18:58:39,556- Main: fetching http://www.cnblogs.com/huang0925/p/4505455.html
21/May/2015 18:58:49,622- Main: page no content or too big: 49 @http://www.cnblogs.com/huang0925/p/4505455.html
21/May/2015 18:58:49,622- Main: page no content or too big: 49 @http://www.cnblogs.com/huang0925/p/4505455.html
21/May/2015 18:58:49,623- Main: fetching http://www.cnblogs.com/woodyy/p/4503332.html
21/May/2015 18:58:49,623- Main: new thread starting : Thread-84
21/May/2015 18:58:49,623- Main: fetching http://www.cnblogs.com/woodyy/p/4503332.html
21/May/2015 18:58:59,709- Main: page no content or too big: 46 @http://www.cnblogs.com/woodyy/p/4503332.html
21/May/2015 18:58:59,710- Main: fetching http://www.cnblogs.com/tugenhua0707/p/4501843.html
21/May/2015 18:58:59,710- Main: new thread starting : Thread-85
21/May/2015 18:58:59,710- Main: fetching http://www.cnblogs.com/tugenhua0707/p/4501843.html
21/May/2015 18:58:59,727- Main: page no content or too big: 46 @http://www.cnblogs.com/woodyy/p/4503332.html
21/May/2015 18:59:10,348- Main: page no content or too big: 52 @http://www.cnblogs.com/tugenhua0707/p/4501843.html
21/May/2015 18:59:10,349- Main: fetching http://www.cnblogs.com/skylar/p/css3-selector.html
21/May/2015 18:59:10,349- Main: page no content or too big: 52 @http://www.cnblogs.com/tugenhua0707/p/4501843.html
21/May/2015 18:59:10,353- Main: new thread starting : Thread-86
21/May/2015 18:59:10,353- Main: fetching http://www.cnblogs.com/skylar/p/css3-selector.html
21/May/2015 18:59:21,100- Main: page no content or too big: 52 @http://www.cnblogs.com/skylar/p/css3-selector.html
21/May/2015 18:59:21,100- Main: fetching http://www.cnblogs.com/hustskyking/p/hosts-modify.html
21/May/2015 18:59:21,101- Main: new thread starting : Thread-87
21/May/2015 18:59:21,101- Main: fetching http://www.cnblogs.com/hustskyking/p/hosts-modify.html
21/May/2015 18:59:21,103- Main: page no content or too big: 52 @http://www.cnblogs.com/skylar/p/css3-selector.html
21/May/2015 18:59:31,170- Main: page no content or too big: 56 @http://www.cnblogs.com/hustskyking/p/hosts-modify.html
21/May/2015 18:59:31,180- Main: page no content or too big: 56 @http://www.cnblogs.com/hustskyking/p/hosts-modify.html
21/May/2015 18:59:31,181- Main: fetching http://www.cnblogs.com/netfocus/p/4492486.html
21/May/2015 18:59:31,181- Main: new thread starting : Thread-88
21/May/2015 18:59:31,181- Main: fetching http://www.cnblogs.com/netfocus/p/4492486.html
21/May/2015 18:59:41,229- Main: page no content or too big: 48 @http://www.cnblogs.com/netfocus/p/4492486.html
21/May/2015 18:59:41,230- Main: page no content or too big: 48 @http://www.cnblogs.com/netfocus/p/4492486.html
21/May/2015 18:59:41,230- Main: fetching http://www.cnblogs.com/foreach-break/p/java_or_csharp_it_is_not_a_problem.html
21/May/2015 18:59:41,231- Main: new thread starting : Thread-89
21/May/2015 18:59:41,231- Main: fetching http://www.cnblogs.com/foreach-break/p/java_or_csharp_it_is_not_a_problem.html
21/May/2015 18:59:51,288- Main: page no content or too big: 80 @http://www.cnblogs.com/foreach-break/p/java_or_csharp_it_is_not_a_problem.html
21/May/2015 18:59:51,288- Main: page no content or too big: 80 @http://www.cnblogs.com/foreach-break/p/java_or_csharp_it_is_not_a_problem.html
21/May/2015 18:59:51,289- Main: fetching http://www.cnblogs.com/murongxiaopifu/p/4489024.html
21/May/2015 18:59:51,289- Main: new thread starting : Thread-90
21/May/2015 18:59:51,289- Main: fetching http://www.cnblogs.com/murongxiaopifu/p/4489024.html
21/May/2015 19:00:01,340- Main: page no content or too big: 54 @http://www.cnblogs.com/murongxiaopifu/p/4489024.html
21/May/2015 19:00:01,340- Main: page no content or too big: 54 @http://www.cnblogs.com/murongxiaopifu/p/4489024.html
21/May/2015 19:00:01,341- Main: fetching http://www.cnblogs.com/wangiqngpei557/p/4486177.html
21/May/2015 19:00:01,341- Main: new thread starting : Thread-91
21/May/2015 19:00:01,341- Main: fetching http://www.cnblogs.com/wangiqngpei557/p/4486177.html
21/May/2015 19:00:11,390- Main: page no content or too big: 54 @http://www.cnblogs.com/wangiqngpei557/p/4486177.html
21/May/2015 19:00:11,391- Main: fetching http://www.cnblogs.com/index-html/p/trusted-lottery-algorithm.html
21/May/2015 19:00:11,391- Main: new thread starting : Thread-92
21/May/2015 19:00:11,391- Main: fetching http://www.cnblogs.com/index-html/p/trusted-lottery-algorithm.html
21/May/2015 19:00:11,393- Main: page no content or too big: 54 @http://www.cnblogs.com/wangiqngpei557/p/4486177.html
21/May/2015 19:00:21,449- Main: page no content or too big: 68 @http://www.cnblogs.com/index-html/p/trusted-lottery-algorithm.html
21/May/2015 19:00:21,450- Main: page no content or too big: 68 @http://www.cnblogs.com/index-html/p/trusted-lottery-algorithm.html
21/May/2015 19:00:21,450- Main: fetching http://kb.cnblogs.com/zt/
21/May/2015 19:00:21,451- Main: new thread starting : Thread-93
21/May/2015 19:00:21,451- Main: fetching http://kb.cnblogs.com/zt/
21/May/2015 19:00:21,636- Main: new thread starting : Thread-95
21/May/2015 19:00:21,637- Main: fetching http://zt.cnblogs.com/rongcloud/
21/May/2015 19:00:21,675- Main: new thread starting : Thread-96
21/May/2015 19:00:21,675- Main: fetching http://kb.cnblogs.com/zt/mvc/
21/May/2015 19:00:21,947- Main: new thread starting : Thread-98
21/May/2015 19:00:21,947- Main: fetching http://www.cnblogs.com/highend/archive/2011/08/04/aspnet_mvc3_contents.html
21/May/2015 19:00:32,002- Main: page no content or too big: 77 @http://www.cnblogs.com/highend/archive/2011/08/04/aspnet_mvc3_contents.html
21/May/2015 19:32:11,980- Main: Start at :: Thu May 21 19:32:11 CST 2015
21/May/2015 19:32:11,984- Main: load url-done list done 0 loaded
21/May/2015 19:32:11,987- Main: new thread starting : Thread-1
21/May/2015 19:32:11,987- Main: fetching http://news.cnblogs.com/
21/May/2015 19:32:11,987- Main: new thread resumed: 2
21/May/2015 19:32:11,987- Main: new thread starting : Thread-2
21/May/2015 19:32:11,988- Main: fetching http://www.cnblogs.com/
21/May/2015 19:32:12,393- Main: Html page parsing @ Thread-3
21/May/2015 19:32:12,742- Main: fetching http://www.cnblogs.com
21/May/2015 19:32:12,742- Main: new thread starting : Thread-4
21/May/2015 19:32:12,742- Main: fetching http://www.cnblogs.com
21/May/2015 19:32:22,086- Main: page no content or too big: 25 @http://www.cnblogs.com/
21/May/2015 19:32:22,794- Main: page no content or too big: 24 @http://www.cnblogs.com
21/May/2015 19:32:22,794- Main: page no content or too big: 24 @http://www.cnblogs.com
21/May/2015 19:32:22,795- Main: fetching http://zzk.cnblogs.com/
21/May/2015 19:32:22,795- Main: new thread starting : Thread-5
21/May/2015 19:32:22,796- Main: fetching http://zzk.cnblogs.com/
21/May/2015 19:32:23,035- Main: page no content or too big: 2286 @http://zzk.cnblogs.com/
21/May/2015 19:32:23,043- Main: page no content or too big: 2286 @http://zzk.cnblogs.com/
21/May/2015 19:32:23,044- Main: fetching http://space.cnblogs.com/forum/public
21/May/2015 19:32:23,044- Main: new thread starting : Thread-6
21/May/2015 19:32:23,044- Main: fetching http://space.cnblogs.com/forum/public
21/May/2015 19:32:23,438- Main: Html page parsing @ Thread-7
21/May/2015 19:32:23,442- Main: fetching http://home.cnblogs.com
21/May/2015 19:32:23,446- Main: new thread starting : Thread-8
21/May/2015 19:32:23,447- Main: fetching http://home.cnblogs.com
21/May/2015 19:32:23,529- Main: fetching http://news.cnblogs.com/
21/May/2015 19:32:23,530- Main: new thread starting : Thread-9
21/May/2015 19:32:23,530- Main: fetching http://news.cnblogs.com/
21/May/2015 19:32:23,593- Main: fetching http://q.cnblogs.com/
21/May/2015 19:32:23,595- Main: Html page parsing @ Thread-10
21/May/2015 19:32:23,595- Main: new thread starting : Thread-11
21/May/2015 19:32:23,595- Main: fetching http://q.cnblogs.com/
21/May/2015 19:32:23,628- Main: fetching http://wz.cnblogs.com/
21/May/2015 19:32:23,628- Main: new thread starting : Thread-12
21/May/2015 19:32:23,629- Main: fetching http://wz.cnblogs.com/
21/May/2015 19:32:23,922- Main: fetching http://job.cnblogs.com/
21/May/2015 19:32:23,931- Main: new thread starting : Thread-13
21/May/2015 19:32:23,931- Main: fetching http://job.cnblogs.com/
21/May/2015 19:32:23,974- Main: Html page parsing @ Thread-14
21/May/2015 19:32:23,998- Main: fetching http://home.cnblogs.com/ing/
21/May/2015 19:32:23,999- Main: new thread starting : Thread-15
21/May/2015 19:32:24,000- Main: fetching http://home.cnblogs.com/ing/
21/May/2015 19:32:24,027- Main: Html page parsing @ Thread-16
21/May/2015 19:32:24,251- Main: fetching http://space.cnblogs.com/msg/recent
21/May/2015 19:32:24,260- Main: new thread starting : Thread-17
21/May/2015 19:32:24,261- Main: fetching http://space.cnblogs.com/msg/recent
21/May/2015 19:32:24,266- Main: fetching http://home.cnblogs.com/wz/
21/May/2015 19:32:24,274- Main: fetching http://kb.cnblogs.com/
21/May/2015 19:32:24,274- Main: new thread starting : Thread-18
21/May/2015 19:32:24,275- Main: fetching http://home.cnblogs.com/wz/
21/May/2015 19:32:24,301- Main: new thread starting : Thread-19
21/May/2015 19:32:24,302- Main: fetching http://kb.cnblogs.com/
21/May/2015 19:32:24,308- Main: Html page parsing @ Thread-21
21/May/2015 19:32:24,309- Main: Html page parsing @ Thread-20
21/May/2015 19:32:24,366- Main: Html page parsing @ Thread-22
21/May/2015 19:32:24,536- Main: fetching http://home.cnblogs.com/
21/May/2015 19:32:24,578- Main: new thread starting : Thread-23
21/May/2015 19:32:24,579- Main: fetching http://home.cnblogs.com/
21/May/2015 19:32:24,597- Main: Html page parsing @ Thread-24
21/May/2015 19:32:24,625- Main: fetching http://home.cnblogs.com/followees/
21/May/2015 19:32:24,680- Main: new thread starting : Thread-25
21/May/2015 19:32:24,680- Main: fetching http://home.cnblogs.com/followees/
21/May/2015 19:32:24,683- Main: Html page parsing @ Thread-26
21/May/2015 19:32:24,861- Main: new thread starting : Thread-27
21/May/2015 19:32:24,862- Main: fetching http://job.cnblogs.com
21/May/2015 19:32:24,862- Main: fetching http://job.cnblogs.com
21/May/2015 19:32:24,910- Main: Html page parsing @ Thread-28
21/May/2015 19:32:25,024- Main: fetching http://www.cnblogs.com/about/job.aspx
21/May/2015 19:32:25,027- Main: fetching http://home.cnblogs.com/followers/
21/May/2015 19:32:25,048- Main: new thread starting : Thread-29
21/May/2015 19:32:25,049- Main: fetching http://www.cnblogs.com/about/job.aspx
21/May/2015 19:32:25,050- Main: Html page parsing @ Thread-30
21/May/2015 19:32:25,050- Main: new thread starting : Thread-31
21/May/2015 19:32:25,050- Main: fetching http://home.cnblogs.com/followers/
21/May/2015 19:32:25,095- Main: Html page parsing @ Thread-32
21/May/2015 19:32:25,102- Main: Html page parsing @ Thread-33
21/May/2015 19:32:25,195- Main: fetching http://kb.cnblogs.com
21/May/2015 19:32:25,197- Main: new thread starting : Thread-34
21/May/2015 19:32:25,198- Main: fetching http://kb.cnblogs.com
21/May/2015 19:32:25,495- Main: fetching http://home.cnblogs.com/feed/all/
21/May/2015 19:32:25,499- Main: new thread starting : Thread-35
21/May/2015 19:32:25,500- Main: fetching http://home.cnblogs.com/feed/all/
21/May/2015 19:32:25,524- Main: Html page parsing @ Thread-36
21/May/2015 19:32:25,598- Main: Html page parsing @ Thread-37
21/May/2015 19:32:25,598- Main: fetching http://msg.cnblogs.com/msg/inbox
21/May/2015 19:32:25,600- Main: new thread starting : Thread-38
21/May/2015 19:32:25,600- Main: fetching http://msg.cnblogs.com/msg/inbox
21/May/2015 19:32:26,167- Main: fetching http://www.cnblogs.com/xishuai/admin/EditPosts.aspx?opt=1
21/May/2015 19:32:26,167- Main: Html page parsing @ Thread-39
21/May/2015 19:32:26,168- Main: new thread starting : Thread-40
21/May/2015 19:32:26,169- Main: fetching http://www.cnblogs.com/xishuai/admin/EditPosts.aspx?opt=1
21/May/2015 19:32:26,510- Main: fetching http://news.cnblogs.com
21/May/2015 19:32:26,513- Main: new thread starting : Thread-41
21/May/2015 19:32:26,514- Main: fetching http://news.cnblogs.com
21/May/2015 19:32:26,751- Main: Html page parsing @ Thread-42
21/May/2015 19:32:26,792- Main: fetching http://home.cnblogs.com/u/itwriter/
21/May/2015 19:32:26,794- Main: Html page parsing @ Thread-43
21/May/2015 19:32:26,794- Main: new thread starting : Thread-44
21/May/2015 19:32:26,794- Main: fetching http://home.cnblogs.com/u/itwriter/
21/May/2015 19:32:26,817- Main: fetching http://home.cnblogs.com/blog/
21/May/2015 19:32:26,836- Main: new thread starting : Thread-45
21/May/2015 19:32:26,837- Main: fetching http://home.cnblogs.com/blog/
21/May/2015 19:32:26,945- Main: Html page parsing @ Thread-46
21/May/2015 19:32:26,947- Main: fetching http://feed.cnblogs.com/news/rss
21/May/2015 19:32:26,950- Main: new thread starting : Thread-47
21/May/2015 19:32:26,951- Main: fetching http://feed.cnblogs.com/news/rss
21/May/2015 19:32:26,953- Main: Html page parsing @ Thread-48
21/May/2015 19:32:27,055- Main: fetching http://news.cnblogs.com/n/publish
21/May/2015 19:32:27,056- Main: new thread starting : Thread-50
21/May/2015 19:32:27,056- Main: Html page parsing @ Thread-49
21/May/2015 19:32:27,056- Main: fetching http://news.cnblogs.com/n/publish
21/May/2015 19:32:27,504- Main: page no content or too big: 34 @http://feed.cnblogs.com/news/rss
21/May/2015 19:32:27,504- Main: fetching http://home.cnblogs.com/news/
21/May/2015 19:32:27,505- Main: new thread starting : Thread-51
21/May/2015 19:32:27,505- Main: fetching http://home.cnblogs.com/news/
21/May/2015 19:32:27,509- Main: page no content or too big: 34 @http://feed.cnblogs.com/news/rss
21/May/2015 19:32:27,586- Main: Html page parsing @ Thread-52
21/May/2015 19:32:27,603- Main: fetching http://q.cnblogs.com/q/new
21/May/2015 19:32:27,603- Main: new thread starting : Thread-53
21/May/2015 19:32:27,603- Main: fetching http://q.cnblogs.com/q/new
21/May/2015 19:32:27,750- Main: Html page parsing @ Thread-54
21/May/2015 19:32:27,751- Main: fetching http://news.cnblogs.com/m
21/May/2015 19:32:27,752- Main: new thread starting : Thread-55
21/May/2015 19:32:27,753- Main: fetching http://news.cnblogs.com/m
21/May/2015 19:32:27,823- Main: fetching http://news.cnblogs.com/n/521578/
21/May/2015 19:32:27,823- Main: new thread starting : Thread-56
21/May/2015 19:32:27,823- Main: fetching http://news.cnblogs.com/n/521578/
21/May/2015 19:32:27,875- Main: page no content or too big: 3747 @http://news.cnblogs.com/m
21/May/2015 19:32:27,876- Main: fetching http://www.cnblogs.com/AboutUS.aspx
21/May/2015 19:32:27,877- Main: page no content or too big: 3747 @http://news.cnblogs.com/m
21/May/2015 19:32:27,877- Main: new thread starting : Thread-57
21/May/2015 19:32:27,877- Main: fetching http://www.cnblogs.com/AboutUS.aspx
21/May/2015 19:32:28,024- Main: Html page parsing @ Thread-58
21/May/2015 19:32:28,024- Main: fetching http://news.cnblogs.com/n/topic_367.htm
21/May/2015 19:32:28,025- Main: new thread starting : Thread-59
21/May/2015 19:32:28,026- Main: fetching http://news.cnblogs.com/n/topic_367.htm
21/May/2015 19:32:28,074- Main: fetching http://job.cnblogs.com/admin/
21/May/2015 19:32:28,096- Main: new thread starting : Thread-60
21/May/2015 19:32:28,096- Main: fetching http://job.cnblogs.com/admin/
21/May/2015 19:32:28,113- Main: Html page parsing @ Thread-61
21/May/2015 19:32:28,196- Main: Html page parsing @ Thread-62
21/May/2015 19:32:28,256- Main: new thread starting : Thread-63
21/May/2015 19:32:28,256- Main: fetching http://news.cnblogs.com/n/521577/
21/May/2015 19:32:28,316- Main: Html page parsing @ Thread-64
21/May/2015 19:32:28,527- Main: Html page parsing @ Thread-65
21/May/2015 19:32:28,628- Main: new thread starting : Thread-66
21/May/2015 19:32:28,628- Main: fetching http://home.cnblogs.com/job/
21/May/2015 19:32:28,843- Main: Html page parsing @ Thread-67
21/May/2015 19:32:28,873- Main: new thread starting : Thread-68
21/May/2015 19:32:28,873- Main: fetching http://job.cnblogs.com/offer/46233/
21/May/2015 19:32:29,077- Main: Html page parsing @ Thread-69
21/May/2015 19:32:29,122- Main: new thread starting : Thread-70
21/May/2015 19:32:29,123- Main: fetching http://home.cnblogs.com/u/759965/
21/May/2015 19:32:29,245- Main: page no content or too big: 35 @http://home.cnblogs.com/u/759965/
21/May/2015 19:32:35,070- Main: page no content or too big: 39 @http://www.cnblogs.com/about/job.aspx
21/May/2015 19:32:35,095- Main: page no content or too big: 39 @http://www.cnblogs.com/about/job.aspx
21/May/2015 19:48:56,318- Main: Start at :: Thu May 21 19:48:56 CST 2015
21/May/2015 19:48:56,322- Main: load url-done list done 37 loaded
21/May/2015 19:48:56,327- Main: new thread starting : Thread-1
21/May/2015 19:48:56,327- Main: new thread resumed: 2
21/May/2015 19:48:56,327- Main: new thread starting : Thread-2
21/May/2015 19:48:56,327- Main: fetching http://news.cnblogs.com/
21/May/2015 19:48:56,327- Main: fetching http://www.cnblogs.com/
21/May/2015 19:48:56,713- Main: Html page parsing @ Thread-3
21/May/2015 19:48:57,090- Main: fetching http://www.cnblogs.com/AboutUS.aspx
21/May/2015 19:48:57,091- Main: new thread starting : Thread-4
21/May/2015 19:48:57,092- Main: fetching http://www.cnblogs.com/AboutUS.aspx
21/May/2015 19:49:06,412- Main: page no content or too big: 25 @http://www.cnblogs.com/
21/May/2015 19:49:07,138- Main: page no content or too big: 37 @http://www.cnblogs.com/AboutUS.aspx
21/May/2015 19:49:07,139- Main: fetching http://www.cnblogs.com/SiteMap.aspx
21/May/2015 19:49:07,139- Main: new thread starting : Thread-5
21/May/2015 19:49:07,139- Main: fetching http://www.cnblogs.com/SiteMap.aspx
21/May/2015 19:49:07,141- Main: page no content or too big: 37 @http://www.cnblogs.com/AboutUS.aspx
21/May/2015 19:49:17,188- Main: page no content or too big: 37 @http://www.cnblogs.com/SiteMap.aspx
21/May/2015 19:49:17,188- Main: page no content or too big: 37 @http://www.cnblogs.com/SiteMap.aspx
21/May/2015 19:49:17,189- Main: fetching http://www.cnblogs.com/ContactUs.aspx
21/May/2015 19:49:17,189- Main: new thread starting : Thread-6
21/May/2015 19:49:17,189- Main: fetching http://www.cnblogs.com/ContactUs.aspx
21/May/2015 19:49:27,248- Main: page no content or too big: 39 @http://www.cnblogs.com/ContactUs.aspx
21/May/2015 19:49:27,248- Main: page no content or too big: 39 @http://www.cnblogs.com/ContactUs.aspx
21/May/2015 19:49:27,249- Main: fetching http://www.cnblogs.com/ad.aspx
21/May/2015 19:49:27,249- Main: new thread starting : Thread-7
21/May/2015 19:49:27,249- Main: fetching http://www.cnblogs.com/ad.aspx
21/May/2015 19:49:37,317- Main: page no content or too big: 32 @http://www.cnblogs.com/ad.aspx
21/May/2015 19:49:37,317- Main: page no content or too big: 32 @http://www.cnblogs.com/ad.aspx
21/May/2015 19:51:03,030- Main: Start at :: Thu May 21 19:51:03 CST 2015
21/May/2015 19:51:03,034- Main: load url-done list done 0 loaded
21/May/2015 19:51:03,037- Main: new thread starting : Thread-1
21/May/2015 19:51:03,037- Main: fetching http://news.cnblogs.com/
21/May/2015 19:51:03,037- Main: new thread resumed: 2
21/May/2015 19:51:03,037- Main: new thread starting : Thread-2
21/May/2015 19:51:03,037- Main: fetching http://www.cnblogs.com/
21/May/2015 19:51:03,356- Main: Html page parsing @ Thread-3
21/May/2015 19:51:03,732- Main: fetching http://www.cnblogs.com
21/May/2015 19:51:03,733- Main: new thread starting : Thread-4
21/May/2015 19:51:03,733- Main: fetching http://www.cnblogs.com
21/May/2015 19:51:13,102- Main: page no content or too big: 25 @http://www.cnblogs.com/
21/May/2015 19:51:13,791- Main: page no content or too big: 24 @http://www.cnblogs.com
21/May/2015 19:51:13,792- Main: fetching http://zzk.cnblogs.com/
21/May/2015 19:51:13,793- Main: page no content or too big: 24 @http://www.cnblogs.com
21/May/2015 19:51:13,796- Main: new thread starting : Thread-5
21/May/2015 19:51:13,796- Main: fetching http://zzk.cnblogs.com/
21/May/2015 19:51:14,470- Main: page no content or too big: 2286 @http://zzk.cnblogs.com/
21/May/2015 19:51:14,470- Main: page no content or too big: 2286 @http://zzk.cnblogs.com/
21/May/2015 19:51:14,470- Main: fetching http://space.cnblogs.com/forum/public
21/May/2015 19:51:14,472- Main: new thread starting : Thread-6
21/May/2015 19:51:14,473- Main: fetching http://space.cnblogs.com/forum/public
21/May/2015 19:51:15,331- Main: Html page parsing @ Thread-7
21/May/2015 19:51:15,332- Main: fetching http://home.cnblogs.com
21/May/2015 19:51:15,334- Main: File pages\2015_4_21\830db271.html already exist
21/May/2015 19:51:15,334- Main: new thread starting : Thread-8
21/May/2015 19:51:15,334- Main: fetching http://home.cnblogs.com
21/May/2015 19:51:15,499- Main: fetching http://home.cnblogs.com/u/lqs19881030/
21/May/2015 19:51:15,501- Main: new thread starting : Thread-9
21/May/2015 19:51:15,501- Main: fetching http://home.cnblogs.com/u/lqs19881030/
21/May/2015 19:51:15,692- Main: fetching http://q.cnblogs.com/
21/May/2015 19:51:15,704- Main: new thread starting : Thread-10
21/May/2015 19:51:15,705- Main: fetching http://q.cnblogs.com/
21/May/2015 19:51:15,706- Main: Html page parsing @ Thread-11
21/May/2015 19:51:15,859- Main: page no content or too big: 40 @http://home.cnblogs.com/u/lqs19881030/
21/May/2015 19:51:15,859- Main: fetching http://home.cnblogs.com/u/ytxdroid/
21/May/2015 19:51:15,860- Main: new thread starting : Thread-12
21/May/2015 19:51:15,860- Main: fetching http://home.cnblogs.com/u/ytxdroid/
21/May/2015 19:51:15,890- Main: Html page parsing @ Thread-13
21/May/2015 19:51:15,985- Main: fetching http://msg.cnblogs.com/msg/send/lqs19881030/
21/May/2015 19:51:15,986- Main: new thread starting : Thread-14
21/May/2015 19:51:15,986- Main: fetching http://msg.cnblogs.com/msg/send/lqs19881030/
21/May/2015 19:51:16,061- Main: page no content or too big: 37 @http://home.cnblogs.com/u/ytxdroid/
21/May/2015 19:51:16,080- Main: page no content or too big: 37 @http://home.cnblogs.com/u/ytxdroid/
21/May/2015 19:51:16,080- Main: fetching http://home.cnblogs.com/u/haobadea/
21/May/2015 19:51:16,088- Main: new thread starting : Thread-15
21/May/2015 19:51:16,088- Main: fetching http://home.cnblogs.com/u/haobadea/
21/May/2015 19:51:16,290- Main: page no content or too big: 37 @http://home.cnblogs.com/u/haobadea/
21/May/2015 19:51:16,610- Main: Html page parsing @ Thread-16
21/May/2015 19:51:16,650- Main: Html page parsing @ Thread-17
21/May/2015 19:51:16,652- Main: fetching http://msg.cnblogs.com/msg/send/%e5%a5%bd%e5%90%a7%e7%9a%84%e5%95%8a/
21/May/2015 19:51:16,653- Main: new thread starting : Thread-18
21/May/2015 19:51:16,654- Main: fetching http://msg.cnblogs.com/msg/send/%e5%a5%bd%e5%90%a7%e7%9a%84%e5%95%8a/
21/May/2015 19:51:16,663- Main: fetching http://ing.cnblogs.com/u/lqs19881030/
21/May/2015 19:51:16,684- Main: new thread starting : Thread-19
21/May/2015 19:51:16,684- Main: fetching http://ing.cnblogs.com/u/lqs19881030/
21/May/2015 19:51:16,748- Main: fetching http://home.cnblogs.com/ing/
21/May/2015 19:51:16,751- Main: Html page parsing @ Thread-20
21/May/2015 19:51:16,750- Main: new thread starting : Thread-21
21/May/2015 19:51:16,757- Main: fetching http://home.cnblogs.com/ing/
21/May/2015 19:51:16,971- Main: fetching http://space.cnblogs.com/msg/recent
21/May/2015 19:51:17,054- Main: new thread starting : Thread-22
21/May/2015 19:51:17,054- Main: fetching http://space.cnblogs.com/msg/recent
21/May/2015 19:51:17,202- Main: fetching http://home.cnblogs.com/wz/
21/May/2015 19:51:17,262- Main: Html page parsing @ Thread-24
21/May/2015 19:51:17,267- Main: fetching http://ing.cnblogs.com/u/haobadea/
21/May/2015 19:51:17,265- Main: new thread starting : Thread-23
21/May/2015 19:51:17,270- Main: fetching http://home.cnblogs.com/wz/
21/May/2015 19:51:17,285- Main: new thread starting : Thread-25
21/May/2015 19:51:17,286- Main: fetching http://ing.cnblogs.com/u/haobadea/
21/May/2015 19:51:17,490- Main: Html page parsing @ Thread-26
21/May/2015 19:51:17,510- Main: fetching http://q.cnblogs.com/u/lqs19881030/
21/May/2015 19:51:17,528- Main: new thread starting : Thread-27
21/May/2015 19:51:17,529- Main: fetching http://q.cnblogs.com/u/lqs19881030/
21/May/2015 19:51:17,587- Main: Html page parsing @ Thread-28
21/May/2015 19:51:17,812- Main: fetching http://q.cnblogs.com/u/haobadea/
21/May/2015 19:51:17,839- Main: new thread starting : Thread-29
21/May/2015 19:51:17,840- Main: fetching http://q.cnblogs.com/u/haobadea/
21/May/2015 19:51:17,921- Main: Html page parsing @ Thread-30
21/May/2015 19:51:17,940- Main: fetching http://www.cnblogs.com/about/job.aspx
21/May/2015 19:51:17,955- Main: fetching http://www.cnblogs.com/lqs19881030/
21/May/2015 19:51:18,125- Main: new thread starting : Thread-33
21/May/2015 19:51:18,125- Main: fetching http://www.cnblogs.com/lqs19881030/
21/May/2015 19:51:18,129- Main: new thread starting : Thread-32
21/May/2015 19:51:18,131- Main: fetching http://www.cnblogs.com/about/job.aspx
21/May/2015 19:51:18,127- Main: Html page parsing @ Thread-31
21/May/2015 19:51:18,155- Main: Html page parsing @ Thread-34
21/May/2015 19:51:18,338- Main: fetching http://www.cnblogs.com/haobadea/
21/May/2015 19:51:18,350- Main: fetching http://job.cnblogs.com
21/May/2015 19:51:18,378- Main: new thread starting : Thread-35
21/May/2015 19:51:18,378- Main: fetching http://www.cnblogs.com/haobadea/
21/May/2015 19:51:18,390- Main: new thread starting : Thread-36
21/May/2015 19:51:18,390- Main: fetching http://job.cnblogs.com
21/May/2015 19:51:18,397- Main: Html page parsing @ Thread-37
21/May/2015 19:51:18,494- Main: Html page parsing @ Thread-38
21/May/2015 19:51:22,065- Main: fetching http://kb.cnblogs.com
21/May/2015 19:51:22,065- Main: new thread starting : Thread-39
21/May/2015 19:51:22,066- Main: fetching http://kb.cnblogs.com
21/May/2015 19:51:22,092- Main: Html page parsing @ Thread-40
21/May/2015 19:51:22,842- Main: fetching http://news.cnblogs.com
21/May/2015 19:51:22,843- Main: new thread starting : Thread-41
21/May/2015 19:51:22,843- Main: fetching http://news.cnblogs.com
21/May/2015 19:51:22,843- Main: Html page parsing @ Thread-42
21/May/2015 19:51:23,766- Main: fetching http://home.cnblogs.com/u/itwriter/
21/May/2015 19:51:23,813- Main: new thread starting : Thread-43
21/May/2015 19:51:23,813- Main: fetching http://home.cnblogs.com/u/itwriter/
21/May/2015 19:51:23,841- Main: Html page parsing @ Thread-44
21/May/2015 19:51:24,300- Main: fetching http://feed.cnblogs.com/news/rss
21/May/2015 19:51:24,311- Main: new thread starting : Thread-45
21/May/2015 19:51:24,311- Main: fetching http://feed.cnblogs.com/news/rss
21/May/2015 19:51:24,323- Main: Html page parsing @ Thread-46
21/May/2015 19:51:25,140- Main: page no content or too big: 34 @http://feed.cnblogs.com/news/rss
21/May/2015 19:51:25,149- Main: page no content or too big: 34 @http://feed.cnblogs.com/news/rss
21/May/2015 19:51:25,150- Main: fetching http://home.cnblogs.com/news/
21/May/2015 19:51:25,151- Main: new thread starting : Thread-47
21/May/2015 19:51:25,152- Main: fetching http://home.cnblogs.com/news/
21/May/2015 19:51:25,808- Main: fetching http://news.cnblogs.com/m
21/May/2015 19:51:25,810- Main: new thread starting : Thread-48
21/May/2015 19:51:25,811- Main: fetching http://news.cnblogs.com/m
21/May/2015 19:51:25,813- Main: Html page parsing @ Thread-49
21/May/2015 19:51:25,990- Main: page no content or too big: 3748 @http://news.cnblogs.com/m
21/May/2015 19:51:25,990- Main: page no content or too big: 3748 @http://news.cnblogs.com/m
21/May/2015 19:51:25,991- Main: fetching http://www.cnblogs.com/AboutUS.aspx
21/May/2015 19:51:26,001- Main: new thread starting : Thread-50
21/May/2015 19:51:26,002- Main: fetching http://www.cnblogs.com/AboutUS.aspx
21/May/2015 19:51:28,129- Main: page no content or too big: 39 @http://www.cnblogs.com/about/job.aspx
21/May/2015 19:51:28,130- Main: page no content or too big: 37 @http://www.cnblogs.com/lqs19881030/
21/May/2015 19:51:28,131- Main: fetching http://passport.cnblogs.com/login.aspx?ReturnUrl=http%3a%2f%2fhome.cnblogs.com%2fu%2flqs19881030%2f
21/May/2015 19:51:28,131- Main: new thread starting : Thread-51
21/May/2015 19:51:28,131- Main: fetching http://passport.cnblogs.com/login.aspx?ReturnUrl=http%3a%2f%2fhome.cnblogs.com%2fu%2flqs19881030%2f
21/May/2015 19:51:28,280- Main: page no content or too big: 39 @http://www.cnblogs.com/about/job.aspx
21/May/2015 19:51:28,280- Main: page no content or too big: 37 @http://www.cnblogs.com/lqs19881030/
21/May/2015 19:51:28,489- Main: page no content or too big: 34 @http://www.cnblogs.com/haobadea/
21/May/2015 19:51:28,490- Main: fetching http://passport.cnblogs.com/login.aspx?ReturnUrl=http%3a%2f%2fhome.cnblogs.com%2fu%2fhaobadea%2f
21/May/2015 19:51:28,490- Main: new thread starting : Thread-52
21/May/2015 19:51:28,490- Main: fetching http://passport.cnblogs.com/login.aspx?ReturnUrl=http%3a%2f%2fhome.cnblogs.com%2fu%2fhaobadea%2f
21/May/2015 19:51:28,529- Main: page no content or too big: 34 @http://www.cnblogs.com/haobadea/
21/May/2015 19:51:28,573- Main: fetching http://passport.cnblogs.com/register.aspx?ReturnUrl=http%3a%2f%2fhome.cnblogs.com%2fu%2flqs19881030%2f
21/May/2015 19:51:28,574- Main: new thread starting : Thread-53
21/May/2015 19:51:28,574- Main: fetching http://passport.cnblogs.com/register.aspx?ReturnUrl=http%3a%2f%2fhome.cnblogs.com%2fu%2flqs19881030%2f
21/May/2015 19:51:28,580- Main: Html page parsing @ Thread-54
21/May/2015 19:51:28,851- Main: Html page parsing @ Thread-55
21/May/2015 19:51:28,880- Main: fetching http://space.cnblogs.com/forum/ideas/newpost
21/May/2015 19:51:28,881- Main: new thread starting : Thread-56
21/May/2015 19:51:28,881- Main: fetching http://space.cnblogs.com/forum/ideas/newpost
21/May/2015 19:51:28,900- Main: fetching http://passport.cnblogs.com/register.aspx?ReturnUrl=http%3a%2f%2fhome.cnblogs.com%2fu%2fhaobadea%2f
21/May/2015 19:51:28,900- Main: new thread starting : Thread-57
21/May/2015 19:51:28,901- Main: fetching http://passport.cnblogs.com/register.aspx?ReturnUrl=http%3a%2f%2fhome.cnblogs.com%2fu%2fhaobadea%2f
21/May/2015 19:51:28,937- Main: Html page parsing @ Thread-58
