07/May/2015 17:33:09,720- Main: new thread starting : Thread-43
07/May/2015 17:33:10,468- Main: fetching http://51ctohome.blog.51cto.com/1805422/579769
07/May/2015 17:33:10,466- Main: new thread starting : Thread-48
07/May/2015 17:33:10,457- Main: fetching http://www.51cto.com/
07/May/2015 17:33:10,456- Main: new thread starting : Thread-50
07/May/2015 17:33:10,481- Main: fetching http://chenguang.blog.51cto.com/350944/1640878
07/May/2015 17:33:10,463- Main: new thread starting : Thread-49
07/May/2015 17:33:10,483- Main: fetching http://ucenter.51cto.com/api/auth.php?type=sina
07/May/2015 17:33:10,479- Main: new thread starting : Thread-52
07/May/2015 17:33:10,466- Main: fetching http://home.51cto.com?reback=http%253A%252F%252Fblog.51cto.com%252Fcontest2013%252F
07/May/2015 17:33:10,040- Main: fetching http://chenguang.blog.51cto.com/350944/1640878
07/May/2015 17:33:10,049- Main: new thread starting : Thread-47
07/May/2015 17:33:10,022- Main: new thread starting : Thread-45
07/May/2015 17:33:09,839- Main: fetching http://edu.51cto.com/
07/May/2015 17:33:10,493- Main: fetching http://blog.51cto.com/zt/1-1.html
07/May/2015 17:33:10,026- Main: fetching http://quenlang.blog.51cto.com/4813803/1636441
07/May/2015 17:33:09,762- Main: new thread starting : Thread-42
07/May/2015 17:33:10,494- Main: fetching http://blog.51cto.com/zt/14-1.html
07/May/2015 17:33:09,721- Main: new thread starting : Thread-40
07/May/2015 17:33:10,495- Main: fetching http://edu.51cto.com/lecturer/apply.html?edu_recommend_adid=94
07/May/2015 17:33:09,765- Main: fetching http://edu.51cto.com/lecturer/apply.html?edu_recommend_adid=95
07/May/2015 17:33:10,497- Main: page no content or too big49
07/May/2015 17:33:09,720- Main: new thread starting : Thread-41
07/May/2015 17:33:10,497- Main: fetching http://ucenter.51cto.com/getpass.php?reback=http%3A%2F%2Fhome.51cto.com
07/May/2015 17:33:10,036- Main: fetching http://ucenter.51cto.com/api/auth.php?type=sina
07/May/2015 17:33:10,490- Main: fetching http://www.51cto.com/
07/May/2015 17:33:10,493- Main: fetching http://edu.51cto.com/
07/May/2015 17:33:10,050- Main: new thread starting : Thread-46
07/May/2015 17:33:09,741- Main: fetching http://blog.51cto.com/zt/1-1.html
07/May/2015 17:33:10,499- Main: fetching http://edu.51cto.com/lecturer/apply.html?edu_recommend_adid=95
07/May/2015 17:33:10,479- Main: new thread starting : Thread-53
07/May/2015 17:33:10,500- Main: fetching http://home.51cto.com?reback=http%253A%252F%252Fblog.51cto.com%252Fcontest2013%252F
07/May/2015 17:33:10,479- Main: fetching http://quenlang.blog.51cto.com/4813803/1636441
07/May/2015 17:33:10,517- Main: page no content or too big49
07/May/2015 17:33:10,520- Main: fetching http://ucenter.51cto.com/api/auth.php?type=renren
07/May/2015 17:33:10,517- Main: page no content or too big85
07/May/2015 17:33:10,559- Main: page no content or too big51
07/May/2015 17:33:10,560- Main: fetching http://ucenter.51cto.com/api/auth.php?type=douban
07/May/2015 17:33:10,560- Main: new thread starting : Thread-55
07/May/2015 17:33:10,570- Main: page no content or too big4786
