21/May/2015 19:51:29,172- Main: Html page parsing @ Thread-59
21/May/2015 19:51:29,901- Main: Html page parsing @ Thread-60
21/May/2015 19:51:29,911- Main: fetching http://space.cnblogs.com/forum/bugs/newpost
21/May/2015 19:51:29,912- Main: new thread starting : Thread-61
21/May/2015 19:51:29,912- Main: fetching http://space.cnblogs.com/forum/bugs/newpost
21/May/2015 19:51:30,925- Main: Html page parsing @ Thread-62
21/May/2015 19:51:36,141- Main: page no content or too big: 37 @http://www.cnblogs.com/AboutUS.aspx
21/May/2015 19:51:36,142- Main: fetching http://www.cnblogs.com/SiteMap.aspx
21/May/2015 19:51:36,142- Main: new thread starting : Thread-63
21/May/2015 19:51:36,142- Main: fetching http://www.cnblogs.com/SiteMap.aspx
21/May/2015 19:51:36,149- Main: page no content or too big: 37 @http://www.cnblogs.com/AboutUS.aspx
21/May/2015 19:51:46,210- Main: page no content or too big: 37 @http://www.cnblogs.com/SiteMap.aspx
21/May/2015 19:51:46,216- Main: page no content or too big: 37 @http://www.cnblogs.com/SiteMap.aspx
21/May/2015 19:51:46,217- Main: fetching http://www.cnblogs.com/ContactUs.aspx
21/May/2015 19:51:46,217- Main: new thread starting : Thread-64
21/May/2015 19:51:46,217- Main: fetching http://www.cnblogs.com/ContactUs.aspx
21/May/2015 19:51:56,269- Main: page no content or too big: 39 @http://www.cnblogs.com/ContactUs.aspx
21/May/2015 19:51:56,270- Main: page no content or too big: 39 @http://www.cnblogs.com/ContactUs.aspx
21/May/2015 19:51:56,270- Main: fetching http://www.cnblogs.com/ad.aspx
21/May/2015 19:51:56,270- Main: new thread starting : Thread-65
21/May/2015 19:51:56,270- Main: fetching http://www.cnblogs.com/ad.aspx
21/May/2015 19:52:06,321- Main: page no content or too big: 32 @http://www.cnblogs.com/ad.aspx
21/May/2015 19:52:06,321- Main: page no content or too big: 32 @http://www.cnblogs.com/ad.aspx
21/May/2015 19:52:06,321- Main: fetching http://news.cnblogs.com/
21/May/2015 19:52:06,322- Main: new thread starting : Thread-66
21/May/2015 19:52:06,322- Main: fetching http://news.cnblogs.com/
21/May/2015 19:52:06,658- Main: fetching http://job.cnblogs.com/
21/May/2015 19:52:06,660- Main: new thread starting : Thread-67
21/May/2015 19:52:06,660- Main: fetching http://job.cnblogs.com/
21/May/2015 19:52:06,692- Main: Html page parsing @ Thread-68
21/May/2015 19:52:07,055- Main: Html page parsing @ Thread-69
21/May/2015 19:52:07,078- Main: new thread starting : Thread-70
21/May/2015 19:52:07,078- Main: fetching http://kb.cnblogs.com/
21/May/2015 19:52:07,360- Main: Html page parsing @ Thread-71
