07/May/2015 17:33:08,369- Main: new thread starting : Thread-19
07/May/2015 17:33:08,501- Main: fetching http://www.51cto.com
07/May/2015 17:33:08,377- Main: new thread starting : Thread-21
07/May/2015 17:33:08,427- Main: fetching http://blog.51cto.com/original/
07/May/2015 17:33:08,537- Main: fetching http://blog.51cto.com/artcommend
07/May/2015 17:33:08,537- Main: new thread starting : Thread-22
07/May/2015 17:33:08,538- Main: fetching http://blog.51cto.com/original/
07/May/2015 17:33:08,608- Main: fetching http://blog.51cto.com/zt
07/May/2015 17:33:08,689- Main: fetching http://blog.51cto.com/expert
07/May/2015 17:33:08,707- Main: new thread starting : Thread-23
07/May/2015 17:33:08,707- Main: fetching http://blog.51cto.com/zt
07/May/2015 17:33:08,743- Main: new thread starting : Thread-25
07/May/2015 17:33:08,743- Main: fetching http://blog.51cto.com/expert
07/May/2015 17:33:08,747- Main: fetching http://blog.51cto.com/blogcommend
07/May/2015 17:33:08,766- Main: fetching http://ucenter.51cto.com/reg_01.php?reback=http%253A%252F%252Fwww.51cto.com%252F?edu_recommend_adid=71
07/May/2015 17:33:08,767- Main: new thread starting : Thread-27
07/May/2015 17:33:08,768- Main: fetching http://blog.51cto.com/blogcommend
07/May/2015 17:33:08,774- Main: new thread starting : Thread-28
07/May/2015 17:33:08,774- Main: fetching http://ucenter.51cto.com/reg_01.php?reback=http%253A%252F%252Fwww.51cto.com%252F?edu_recommend_adid=71
07/May/2015 17:33:08,790- Main: fetching http://blog.51cto.com/contest2013/
07/May/2015 17:33:08,857- Main: new thread starting : Thread-29
07/May/2015 17:33:08,858- Main: fetching http://blog.51cto.com/contest2013/
07/May/2015 17:33:09,158- Main: fetching http://ucenter.51cto.com/reg_01.php?reback=http%3A%2F%2Fhome.51cto.com/
07/May/2015 17:33:09,174- Main: fetching http://www.51cto.com/col/35/
07/May/2015 17:33:09,258- Main: new thread starting : Thread-36
07/May/2015 17:33:09,258- Main: fetching http://www.51cto.com/col/35/
07/May/2015 17:33:09,345- Main: new thread starting : Thread-35
07/May/2015 17:33:09,345- Main: fetching http://ucenter.51cto.com/reg_01.php?reback=http%3A%2F%2Fhome.51cto.com/
07/May/2015 17:33:09,356- Main: fetching http://princepar.blog.51cto.com/1448665/1643888
07/May/2015 17:33:09,364- Main: fetching http://rdsrv.blog.51cto.com/2996778/1643482
07/May/2015 17:33:09,455- Main: new thread starting : Thread-37
07/May/2015 17:33:09,455- Main: fetching http://princepar.blog.51cto.com/1448665/1643888
07/May/2015 17:33:09,490- Main: fetching http://edu.51cto.com/lecturer/apply.html?edu_recommend_adid=94
07/May/2015 17:33:09,491- Main: fetching http://ucenter.51cto.com/getpass.php?reback=http%3A%2F%2Fhome.51cto.com
07/May/2015 17:33:09,493- Main: fetching http://blog.51cto.com/zt/14-1.html
07/May/2015 17:33:09,506- Main: new thread starting : Thread-38
07/May/2015 17:33:09,506- Main: fetching http://rdsrv.blog.51cto.com/2996778/1643482
07/May/2015 17:33:09,508- Main: page no content or too big4786
07/May/2015 17:33:09,508- Main: fetching http://51ctohome.blog.51cto.com/1805422/579769
