07/May/2015 17:33:10,577- Main: page no content or too big85
07/May/2015 17:33:11,104- Main: new thread starting : Thread-60
07/May/2015 17:33:11,218- Main: fetching http://www.51cto.com/about/rss.html
07/May/2015 17:33:11,219- Main: fetching http://princepar.blog.51cto.com
07/May/2015 17:33:11,091- Main: new thread starting : Thread-62
07/May/2015 17:33:11,222- Main: fetching http://home.51cto.com/index.php?s=/space/4265610
07/May/2015 17:33:10,751- Main: fetching http://home.51cto.com/index.php?s=/space/4265610
07/May/2015 17:33:10,639- Main: fetching http://www.51cto.com/about/rss.html
07/May/2015 17:33:10,603- Main: page no content or too big51
07/May/2015 17:33:10,592- Main: fetching http://blog.51cto.com/zt/6-1.html
07/May/2015 17:33:10,558- Main: fetching http://blog.51cto.com/contest2013/reportlist
07/May/2015 17:33:11,431- Main: fetching http://www.51cto.com/about/history.html
07/May/2015 17:33:10,560- Main: fetching http://blog.51cto.com/contest2013/reportlist
07/May/2015 17:33:10,588- Main: new thread starting : Thread-56
07/May/2015 17:33:11,686- Main: fetching http://ucenter.51cto.com/reg_01.php?reback=http%253A%252F%252Fedu.51cto.com%252F
07/May/2015 17:33:11,686- Main: fetching http://ucenter.51cto.com/api/auth.php?type=douban
07/May/2015 17:33:10,584- Main: new thread starting : Thread-54
07/May/2015 17:33:11,687- Main: fetching http://ucenter.51cto.com/api/auth.php?type=renren
07/May/2015 17:33:11,620- Main: new thread starting : Thread-70
07/May/2015 17:33:11,689- Main: fetching http://chenguang.blog.51cto.com/350944/1640412
07/May/2015 17:33:11,586- Main: new thread starting : Thread-69
07/May/2015 17:33:11,419- Main: new thread starting : Thread-65
07/May/2015 17:33:11,758- Main: fetching http://blog.51cto.com/zt/416
07/May/2015 17:33:12,024- Main: page no content or too big51
07/May/2015 17:33:11,748- Main: fetching http://ucenter.51cto.com/reg_01.php?reback=http%253A%252F%252Fedu.51cto.com%252Flecturer%252Fapply.html%253Fedu_recommend_adid%253D95
07/May/2015 17:33:12,023- Main: fetching http://princepar.blog.51cto.com
07/May/2015 17:33:11,994- Main: new thread starting : Thread-73
07/May/2015 17:33:12,025- Main: fetching http://ucenter.51cto.com/reg_01.php?reback=http%253A%252F%252Fedu.51cto.com%252F
07/May/2015 17:33:11,994- Main: new thread starting : Thread-72
07/May/2015 17:33:12,034- Main: fetching http://blog.51cto.com/zt/416
07/May/2015 17:33:11,994- Main: page no content or too big51
07/May/2015 17:33:11,211- Main: new thread starting : Thread-59
07/May/2015 17:33:12,079- Main: fetching http://blog.51cto.com/zt/6-1.html
07/May/2015 17:33:11,994- Main: page no content or too big423
07/May/2015 17:33:12,158- Main: fetching http://www.51cto.com/php/guestbook/
07/May/2015 17:33:11,993- Main: fetching http://home.51cto.com?reback=http%253A%252F%252F51ctohome.blog.51cto.com%252F1805422%252F579769
07/May/2015 17:33:11,788- Main: fetching http://www.51cto.com/about/history.html
07/May/2015 17:33:12,146- Main: new thread starting : Thread-80
07/May/2015 17:33:12,171- Main: fetching http://contest.blog.51cto.com/3922687/1339855
